This is pdfTeX, Version 3.1415926-2.5-1.40.14 (MiKTeX 2.9) (preloaded format=pdflatex 2014.2.10)  19 MAY 2014 02:28
entering extended mode
**dossier.tex

(C:\Users\Sklipnoty\Documents\NetBeansProjects\vop-2014-team12\Dossier\dossier.
tex
LaTeX2e <2011/06/27>
Babel <v3.8m> and hyphenation patterns for english, afrikaans, ancientgreek, ar
abic, armenian, assamese, basque, bengali, bokmal, bulgarian, catalan, coptic, 
croatian, czech, danish, dutch, esperanto, estonian, farsi, finnish, french, ga
lician, german, german-x-2013-05-26, greek, gujarati, hindi, hungarian, iceland
ic, indonesian, interlingua, irish, italian, kannada, kurmanji, latin, latvian,
 lithuanian, malayalam, marathi, mongolian, mongolianlmc, monogreek, ngerman, n
german-x-2013-05-26, nynorsk, oriya, panjabi, pinyin, polish, portuguese, roman
ian, russian, sanskrit, serbian, slovak, slovenian, spanish, swedish, swissgerm
an, tamil, telugu, turkish, turkmen, ukenglish, ukrainian, uppersorbian, usengl
ishmax, welsh, loaded.
(Z:\Programs\MikTex\tex\latex\base\report.cls
Document Class: report 2007/10/19 v1.4h Standard LaTeX document class
(Z:\Programs\MikTex\tex\latex\base\size12.clo
File: size12.clo 2007/10/19 v1.4h Standard LaTeX file (size option)
)
\c@part=\count79
\c@chapter=\count80
\c@section=\count81
\c@subsection=\count82
\c@subsubsection=\count83
\c@paragraph=\count84
\c@subparagraph=\count85
\c@figure=\count86
\c@table=\count87
\abovecaptionskip=\skip41
\belowcaptionskip=\skip42
\bibindent=\dimen102
)
(Z:\Programs\MikTex\tex\latex\graphics\color.sty
Package: color 2005/11/14 v1.0j Standard LaTeX Color (DPC)

(Z:\Programs\MikTex\tex\latex\00miktex\color.cfg
File: color.cfg 2007/01/18 v1.5 color configuration of teTeX/TeXLive
)
Package color Info: Driver file: pdftex.def on input line 130.

(Z:\Programs\MikTex\tex\latex\pdftex-def\pdftex.def
File: pdftex.def 2011/05/27 v0.06d Graphics/color for pdfTeX

(Z:\Programs\MikTex\tex\generic\oberdiek\infwarerr.sty
Package: infwarerr 2010/04/08 v1.3 Providing info/warning/error messages (HO)
)
(Z:\Programs\MikTex\tex\generic\oberdiek\ltxcmds.sty
Package: ltxcmds 2011/11/09 v1.22 LaTeX kernel commands for general use (HO)
)
\Gread@gobject=\count88
))
(Z:\Programs\MikTex\tex\latex\caption\caption.sty
Package: caption 2013/05/02 v3.3-89 Customizing captions (AR)

(Z:\Programs\MikTex\tex\latex\caption\caption3.sty
Package: caption3 2013/05/02 v1.6-88 caption3 kernel (AR)
Package caption3 Info: TeX engine: e-TeX on input line 57.

(Z:\Programs\MikTex\tex\latex\graphics\keyval.sty
Package: keyval 1999/03/16 v1.13 key=value parser (DPC)
\KV@toks@=\toks14
)
\captionmargin=\dimen103
\captionmargin@=\dimen104
\captionwidth=\dimen105
\caption@tempdima=\dimen106
\caption@indent=\dimen107
\caption@parindent=\dimen108
\caption@hangindent=\dimen109
)
\c@ContinuedFloat=\count89
)
(Z:\Programs\MikTex\tex\latex\caption\subcaption.sty
Package: subcaption 2013/02/03 v1.1-62 Sub-captions (AR)
\c@subfigure=\count90
\c@subtable=\count91
)
(Z:\Programs\MikTex\tex\latex\base\inputenc.sty
Package: inputenc 2008/03/30 v1.1d Input encoding file
\inpenc@prehook=\toks15
\inpenc@posthook=\toks16

(Z:\Programs\MikTex\tex\latex\base\utf8.def
File: utf8.def 2008/04/05 v1.1m UTF-8 support for inputenc
Now handling font encoding OML ...
... no UTF-8 mapping file for font encoding OML
Now handling font encoding T1 ...
... processing UTF-8 mapping file for font encoding T1

(Z:\Programs\MikTex\tex\latex\base\t1enc.dfu
File: t1enc.dfu 2008/04/05 v1.1m UTF-8 support for inputenc
   defining Unicode char U+00A1 (decimal 161)
   defining Unicode char U+00A3 (decimal 163)
   defining Unicode char U+00AB (decimal 171)
   defining Unicode char U+00BB (decimal 187)
   defining Unicode char U+00BF (decimal 191)
   defining Unicode char U+00C0 (decimal 192)
   defining Unicode char U+00C1 (decimal 193)
   defining Unicode char U+00C2 (decimal 194)
   defining Unicode char U+00C3 (decimal 195)
   defining Unicode char U+00C4 (decimal 196)
   defining Unicode char U+00C5 (decimal 197)
   defining Unicode char U+00C6 (decimal 198)
   defining Unicode char U+00C7 (decimal 199)
   defining Unicode char U+00C8 (decimal 200)
   defining Unicode char U+00C9 (decimal 201)
   defining Unicode char U+00CA (decimal 202)
   defining Unicode char U+00CB (decimal 203)
   defining Unicode char U+00CC (decimal 204)
   defining Unicode char U+00CD (decimal 205)
   defining Unicode char U+00CE (decimal 206)
   defining Unicode char U+00CF (decimal 207)
   defining Unicode char U+00D0 (decimal 208)
   defining Unicode char U+00D1 (decimal 209)
   defining Unicode char U+00D2 (decimal 210)
   defining Unicode char U+00D3 (decimal 211)
   defining Unicode char U+00D4 (decimal 212)
   defining Unicode char U+00D5 (decimal 213)
   defining Unicode char U+00D6 (decimal 214)
   defining Unicode char U+00D8 (decimal 216)
   defining Unicode char U+00D9 (decimal 217)
   defining Unicode char U+00DA (decimal 218)
   defining Unicode char U+00DB (decimal 219)
   defining Unicode char U+00DC (decimal 220)
   defining Unicode char U+00DD (decimal 221)
   defining Unicode char U+00DE (decimal 222)
   defining Unicode char U+00DF (decimal 223)
   defining Unicode char U+00E0 (decimal 224)
   defining Unicode char U+00E1 (decimal 225)
   defining Unicode char U+00E2 (decimal 226)
   defining Unicode char U+00E3 (decimal 227)
   defining Unicode char U+00E4 (decimal 228)
   defining Unicode char U+00E5 (decimal 229)
   defining Unicode char U+00E6 (decimal 230)
   defining Unicode char U+00E7 (decimal 231)
   defining Unicode char U+00E8 (decimal 232)
   defining Unicode char U+00E9 (decimal 233)
   defining Unicode char U+00EA (decimal 234)
   defining Unicode char U+00EB (decimal 235)
   defining Unicode char U+00EC (decimal 236)
   defining Unicode char U+00ED (decimal 237)
   defining Unicode char U+00EE (decimal 238)
   defining Unicode char U+00EF (decimal 239)
   defining Unicode char U+00F0 (decimal 240)
   defining Unicode char U+00F1 (decimal 241)
   defining Unicode char U+00F2 (decimal 242)
   defining Unicode char U+00F3 (decimal 243)
   defining Unicode char U+00F4 (decimal 244)
   defining Unicode char U+00F5 (decimal 245)
   defining Unicode char U+00F6 (decimal 246)
   defining Unicode char U+00F8 (decimal 248)
   defining Unicode char U+00F9 (decimal 249)
   defining Unicode char U+00FA (decimal 250)
   defining Unicode char U+00FB (decimal 251)
   defining Unicode char U+00FC (decimal 252)
   defining Unicode char U+00FD (decimal 253)
   defining Unicode char U+00FE (decimal 254)
   defining Unicode char U+00FF (decimal 255)
   defining Unicode char U+0102 (decimal 258)
   defining Unicode char U+0103 (decimal 259)
   defining Unicode char U+0104 (decimal 260)
   defining Unicode char U+0105 (decimal 261)
   defining Unicode char U+0106 (decimal 262)
   defining Unicode char U+0107 (decimal 263)
   defining Unicode char U+010C (decimal 268)
   defining Unicode char U+010D (decimal 269)
   defining Unicode char U+010E (decimal 270)
   defining Unicode char U+010F (decimal 271)
   defining Unicode char U+0110 (decimal 272)
   defining Unicode char U+0111 (decimal 273)
   defining Unicode char U+0118 (decimal 280)
   defining Unicode char U+0119 (decimal 281)
   defining Unicode char U+011A (decimal 282)
   defining Unicode char U+011B (decimal 283)
   defining Unicode char U+011E (decimal 286)
   defining Unicode char U+011F (decimal 287)
   defining Unicode char U+0130 (decimal 304)
   defining Unicode char U+0131 (decimal 305)
   defining Unicode char U+0132 (decimal 306)
   defining Unicode char U+0133 (decimal 307)
   defining Unicode char U+0139 (decimal 313)
   defining Unicode char U+013A (decimal 314)
   defining Unicode char U+013D (decimal 317)
   defining Unicode char U+013E (decimal 318)
   defining Unicode char U+0141 (decimal 321)
   defining Unicode char U+0142 (decimal 322)
   defining Unicode char U+0143 (decimal 323)
   defining Unicode char U+0144 (decimal 324)
   defining Unicode char U+0147 (decimal 327)
   defining Unicode char U+0148 (decimal 328)
   defining Unicode char U+014A (decimal 330)
   defining Unicode char U+014B (decimal 331)
   defining Unicode char U+0150 (decimal 336)
   defining Unicode char U+0151 (decimal 337)
   defining Unicode char U+0152 (decimal 338)
   defining Unicode char U+0153 (decimal 339)
   defining Unicode char U+0154 (decimal 340)
   defining Unicode char U+0155 (decimal 341)
   defining Unicode char U+0158 (decimal 344)
   defining Unicode char U+0159 (decimal 345)
   defining Unicode char U+015A (decimal 346)
   defining Unicode char U+015B (decimal 347)
   defining Unicode char U+015E (decimal 350)
   defining Unicode char U+015F (decimal 351)
   defining Unicode char U+0160 (decimal 352)
   defining Unicode char U+0161 (decimal 353)
   defining Unicode char U+0162 (decimal 354)
   defining Unicode char U+0163 (decimal 355)
   defining Unicode char U+0164 (decimal 356)
   defining Unicode char U+0165 (decimal 357)
   defining Unicode char U+016E (decimal 366)
   defining Unicode char U+016F (decimal 367)
   defining Unicode char U+0170 (decimal 368)
   defining Unicode char U+0171 (decimal 369)
   defining Unicode char U+0178 (decimal 376)
   defining Unicode char U+0179 (decimal 377)
   defining Unicode char U+017A (decimal 378)
   defining Unicode char U+017B (decimal 379)
   defining Unicode char U+017C (decimal 380)
   defining Unicode char U+017D (decimal 381)
   defining Unicode char U+017E (decimal 382)
   defining Unicode char U+200C (decimal 8204)
   defining Unicode char U+2013 (decimal 8211)
   defining Unicode char U+2014 (decimal 8212)
   defining Unicode char U+2018 (decimal 8216)
   defining Unicode char U+2019 (decimal 8217)
   defining Unicode char U+201A (decimal 8218)
   defining Unicode char U+201C (decimal 8220)
   defining Unicode char U+201D (decimal 8221)
   defining Unicode char U+201E (decimal 8222)
   defining Unicode char U+2030 (decimal 8240)
   defining Unicode char U+2031 (decimal 8241)
   defining Unicode char U+2039 (decimal 8249)
   defining Unicode char U+203A (decimal 8250)
   defining Unicode char U+2423 (decimal 9251)
)
Now handling font encoding OT1 ...
... processing UTF-8 mapping file for font encoding OT1

(Z:\Programs\MikTex\tex\latex\base\ot1enc.dfu
File: ot1enc.dfu 2008/04/05 v1.1m UTF-8 support for inputenc
   defining Unicode char U+00A1 (decimal 161)
   defining Unicode char U+00A3 (decimal 163)
   defining Unicode char U+00B8 (decimal 184)
   defining Unicode char U+00BF (decimal 191)
   defining Unicode char U+00C5 (decimal 197)
   defining Unicode char U+00C6 (decimal 198)
   defining Unicode char U+00D8 (decimal 216)
   defining Unicode char U+00DF (decimal 223)
   defining Unicode char U+00E6 (decimal 230)
   defining Unicode char U+00EC (decimal 236)
   defining Unicode char U+00ED (decimal 237)
   defining Unicode char U+00EE (decimal 238)
   defining Unicode char U+00EF (decimal 239)
   defining Unicode char U+00F8 (decimal 248)
   defining Unicode char U+0131 (decimal 305)
   defining Unicode char U+0141 (decimal 321)
   defining Unicode char U+0142 (decimal 322)
   defining Unicode char U+0152 (decimal 338)
   defining Unicode char U+0153 (decimal 339)
   defining Unicode char U+2013 (decimal 8211)
   defining Unicode char U+2014 (decimal 8212)
   defining Unicode char U+2018 (decimal 8216)
   defining Unicode char U+2019 (decimal 8217)
   defining Unicode char U+201C (decimal 8220)
   defining Unicode char U+201D (decimal 8221)
)
Now handling font encoding OMS ...
... processing UTF-8 mapping file for font encoding OMS

(Z:\Programs\MikTex\tex\latex\base\omsenc.dfu
File: omsenc.dfu 2008/04/05 v1.1m UTF-8 support for inputenc
   defining Unicode char U+00A7 (decimal 167)
   defining Unicode char U+00B6 (decimal 182)
   defining Unicode char U+00B7 (decimal 183)
   defining Unicode char U+2020 (decimal 8224)
   defining Unicode char U+2021 (decimal 8225)
   defining Unicode char U+2022 (decimal 8226)
)
Now handling font encoding OMX ...
... no UTF-8 mapping file for font encoding OMX
Now handling font encoding U ...
... no UTF-8 mapping file for font encoding U
   defining Unicode char U+00A9 (decimal 169)
   defining Unicode char U+00AA (decimal 170)
   defining Unicode char U+00AE (decimal 174)
   defining Unicode char U+00BA (decimal 186)
   defining Unicode char U+02C6 (decimal 710)
   defining Unicode char U+02DC (decimal 732)
   defining Unicode char U+200C (decimal 8204)
   defining Unicode char U+2026 (decimal 8230)
   defining Unicode char U+2122 (decimal 8482)
   defining Unicode char U+2423 (decimal 9251)
))
(Z:\Programs\MikTex\tex\latex\amsfonts\amsfonts.sty
Package: amsfonts 2013/01/14 v3.01 Basic AMSFonts support
\@emptytoks=\toks17
\symAMSa=\mathgroup4
\symAMSb=\mathgroup5
LaTeX Font Info:    Overwriting math alphabet `\mathfrak' in version `bold'
(Font)                  U/euf/m/n --> U/euf/b/n on input line 106.
)
(Z:\Programs\MikTex\tex\latex\amsmath\amsmath.sty
Package: amsmath 2013/01/14 v2.14 AMS math features
\@mathmargin=\skip43

For additional information on amsmath, use the `?' option.
(Z:\Programs\MikTex\tex\latex\amsmath\amstext.sty
Package: amstext 2000/06/29 v2.01

(Z:\Programs\MikTex\tex\latex\amsmath\amsgen.sty
File: amsgen.sty 1999/11/30 v2.0
\@emptytoks=\toks18
\ex@=\dimen110
))
(Z:\Programs\MikTex\tex\latex\amsmath\amsbsy.sty
Package: amsbsy 1999/11/29 v1.2d
\pmbraise@=\dimen111
)
(Z:\Programs\MikTex\tex\latex\amsmath\amsopn.sty
Package: amsopn 1999/12/14 v2.01 operator names
)
\inf@bad=\count92
LaTeX Info: Redefining \frac on input line 210.
\uproot@=\count93
\leftroot@=\count94
LaTeX Info: Redefining \overline on input line 306.
\classnum@=\count95
\DOTSCASE@=\count96
LaTeX Info: Redefining \ldots on input line 378.
LaTeX Info: Redefining \dots on input line 381.
LaTeX Info: Redefining \cdots on input line 466.
\Mathstrutbox@=\box26
\strutbox@=\box27
\big@size=\dimen112
LaTeX Font Info:    Redeclaring font encoding OML on input line 566.
LaTeX Font Info:    Redeclaring font encoding OMS on input line 567.
\macc@depth=\count97
\c@MaxMatrixCols=\count98
\dotsspace@=\muskip10
\c@parentequation=\count99
\dspbrk@lvl=\count100
\tag@help=\toks19
\row@=\count101
\column@=\count102
\maxfields@=\count103
\andhelp@=\toks20
\eqnshift@=\dimen113
\alignsep@=\dimen114
\tagshift@=\dimen115
\tagwidth@=\dimen116
\totwidth@=\dimen117
\lineht@=\dimen118
\@envbody=\toks21
\multlinegap=\skip44
\multlinetaggap=\skip45
\mathdisplay@stack=\toks22
LaTeX Info: Redefining \[ on input line 2665.
LaTeX Info: Redefining \] on input line 2666.
)
(Z:\Programs\MikTex\tex\latex\amsfonts\amssymb.sty
Package: amssymb 2013/01/14 v3.01 AMS font symbols
)
(Z:\Programs\MikTex\tex\generic\babel\babel.sty
Package: babel 2008/07/08 v3.8m The Babel package

*************************************
* Local config file bblopts.cfg used
*
(Z:\Programs\MikTex\tex\latex\00miktex\bblopts.cfg
File: bblopts.cfg 2006/07/31 v1.0 MiKTeX 'babel' configuration
)
(Z:\Programs\MikTex\tex\generic\babel\english.ldf
Language: english 2005/03/30 v3.3o English support from the babel system

(Z:\Programs\MikTex\tex\generic\babel\babel.def
File: babel.def 2008/07/08 v3.8m Babel common definitions
\babel@savecnt=\count104
\U@D=\dimen119
)
\l@canadian = a dialect from \language\l@american 
\l@australian = a dialect from \language\l@british 
\l@newzealand = a dialect from \language\l@british 
))
(Z:\Programs\MikTex\tex\latex\eurosym\eurosym.sty
Package: eurosym 1998/08/06 v1.1 European currency symbol ``Euro''
\@eurobox=\box28
)
(Z:\Programs\MikTex\tex\latex\graphics\graphicx.sty
Package: graphicx 1999/02/16 v1.0f Enhanced LaTeX Graphics (DPC,SPQR)

(Z:\Programs\MikTex\tex\latex\graphics\graphics.sty
Package: graphics 2009/02/05 v1.0o Standard LaTeX Graphics (DPC,SPQR)

(Z:\Programs\MikTex\tex\latex\graphics\trig.sty
Package: trig 1999/03/16 v1.09 sin cos tan (DPC)
)
(Z:\Programs\MikTex\tex\latex\00miktex\graphics.cfg
File: graphics.cfg 2007/01/18 v1.5 graphics configuration of teTeX/TeXLive
)
Package graphics Info: Driver file: pdftex.def on input line 91.
)
\Gin@req@height=\dimen120
\Gin@req@width=\dimen121
)
(Z:\Programs\MikTex\tex\latex\hyperref\hyperref.sty
Package: hyperref 2012/11/06 v6.83m Hypertext links for LaTeX

(Z:\Programs\MikTex\tex\generic\oberdiek\hobsub-hyperref.sty
Package: hobsub-hyperref 2012/04/25 v1.12 Bundle oberdiek, subset hyperref (HO)


(Z:\Programs\MikTex\tex\generic\oberdiek\hobsub-generic.sty
Package: hobsub-generic 2012/04/25 v1.12 Bundle oberdiek, subset generic (HO)
Package: hobsub 2012/04/25 v1.12 Construct package bundles (HO)
Package hobsub Info: Skipping package `infwarerr' (already loaded).
Package hobsub Info: Skipping package `ltxcmds' (already loaded).
Package: ifluatex 2010/03/01 v1.3 Provides the ifluatex switch (HO)
Package ifluatex Info: LuaTeX not detected.
Package: ifvtex 2010/03/01 v1.5 Detect VTeX and its facilities (HO)
Package ifvtex Info: VTeX not detected.
Package: intcalc 2007/09/27 v1.1 Expandable calculations with integers (HO)
Package: ifpdf 2011/01/30 v2.3 Provides the ifpdf switch (HO)
Package ifpdf Info: pdfTeX in PDF mode is detected.
Package: etexcmds 2011/02/16 v1.5 Avoid name clashes with e-TeX commands (HO)
Package etexcmds Info: Could not find \expanded.
(etexcmds)             That can mean that you are not using pdfTeX 1.50 or
(etexcmds)             that some package has redefined \expanded.
(etexcmds)             In the latter case, load this package earlier.
Package: kvsetkeys 2012/04/25 v1.16 Key value parser (HO)
Package: kvdefinekeys 2011/04/07 v1.3 Define keys (HO)
Package: pdftexcmds 2011/11/29 v0.20 Utility functions of pdfTeX for LuaTeX (HO
)
Package pdftexcmds Info: LuaTeX not detected.
Package pdftexcmds Info: \pdf@primitive is available.
Package pdftexcmds Info: \pdf@ifprimitive is available.
Package pdftexcmds Info: \pdfdraftmode found.
Package: pdfescape 2011/11/25 v1.13 Implements pdfTeX's escape features (HO)
Package: bigintcalc 2012/04/08 v1.3 Expandable calculations on big integers (HO
)
Package: bitset 2011/01/30 v1.1 Handle bit-vector datatype (HO)
Package: uniquecounter 2011/01/30 v1.2 Provide unlimited unique counter (HO)
)
Package hobsub Info: Skipping package `hobsub' (already loaded).
Package: letltxmacro 2010/09/02 v1.4 Let assignment for LaTeX macros (HO)
Package: hopatch 2011/06/24 v1.1 Wrapper for package hooks (HO)
Package: xcolor-patch 2011/01/30 xcolor patch
Package: atveryend 2011/06/30 v1.8 Hooks at the very end of document (HO)
Package atveryend Info: \enddocument detected (standard20110627).
Package: atbegshi 2011/10/05 v1.16 At begin shipout hook (HO)
Package: refcount 2011/10/16 v3.4 Data extraction from label references (HO)
Package: hycolor 2011/01/30 v1.7 Color options for hyperref/bookmark (HO)
)
(Z:\Programs\MikTex\tex\generic\ifxetex\ifxetex.sty
Package: ifxetex 2010/09/12 v0.6 Provides ifxetex conditional
)
(Z:\Programs\MikTex\tex\latex\oberdiek\auxhook.sty
Package: auxhook 2011/03/04 v1.3 Hooks for auxiliary files (HO)
)
(Z:\Programs\MikTex\tex\latex\oberdiek\kvoptions.sty
Package: kvoptions 2011/06/30 v3.11 Key value format for package options (HO)
)
\@linkdim=\dimen122
\Hy@linkcounter=\count105
\Hy@pagecounter=\count106

(Z:\Programs\MikTex\tex\latex\hyperref\pd1enc.def
File: pd1enc.def 2012/11/06 v6.83m Hyperref: PDFDocEncoding definition (HO)
Now handling font encoding PD1 ...
... no UTF-8 mapping file for font encoding PD1
)
\Hy@SavedSpaceFactor=\count107

(Z:\Programs\MikTex\tex\latex\00miktex\hyperref.cfg
File: hyperref.cfg 2002/06/06 v1.2 hyperref configuration of TeXLive
)
Package hyperref Info: Option `bookmarks' set `true' on input line 4319.
Package hyperref Info: Hyper figures OFF on input line 4443.
Package hyperref Info: Link nesting OFF on input line 4448.
Package hyperref Info: Hyper index ON on input line 4451.
Package hyperref Info: Plain pages OFF on input line 4458.
Package hyperref Info: Backreferencing OFF on input line 4463.
Package hyperref Info: Implicit mode ON; LaTeX internals redefined.
Package hyperref Info: Bookmarks ON on input line 4688.
\c@Hy@tempcnt=\count108

(Z:\Programs\MikTex\tex\latex\url\url.sty
\Urlmuskip=\muskip11
Package: url 2013/09/16  ver 3.4  Verb mode for urls, etc.
)
LaTeX Info: Redefining \url on input line 5041.
\XeTeXLinkMargin=\dimen123
\Fld@menulength=\count109
\Field@Width=\dimen124
\Fld@charsize=\dimen125
Package hyperref Info: Hyper figures OFF on input line 6295.
Package hyperref Info: Link nesting OFF on input line 6300.
Package hyperref Info: Hyper index ON on input line 6303.
Package hyperref Info: backreferencing OFF on input line 6310.
Package hyperref Info: Link coloring OFF on input line 6315.
Package hyperref Info: Link coloring with OCG OFF on input line 6320.
Package hyperref Info: PDF/A mode OFF on input line 6325.
LaTeX Info: Redefining \ref on input line 6365.
LaTeX Info: Redefining \pageref on input line 6369.
\Hy@abspage=\count110
\c@Item=\count111
\c@Hfootnote=\count112
)

Package hyperref Message: Driver: hpdftex.

(Z:\Programs\MikTex\tex\latex\hyperref\hpdftex.def
File: hpdftex.def 2012/11/06 v6.83m Hyperref driver for pdfTeX
\Fld@listcount=\count113
\c@bookmark@seq@number=\count114

(Z:\Programs\MikTex\tex\latex\oberdiek\rerunfilecheck.sty
Package: rerunfilecheck 2011/04/15 v1.7 Rerun checks for auxiliary files (HO)
Package uniquecounter Info: New unique counter `rerunfilecheck' on input line 2
82.
)
\Hy@SectionHShift=\skip46
)
(Z:\Programs\MikTex\tex\latex\listings\listings.sty
\lst@mode=\count115
\lst@gtempboxa=\box29
\lst@token=\toks23
\lst@length=\count116
\lst@currlwidth=\dimen126
\lst@column=\count117
\lst@pos=\count118
\lst@lostspace=\dimen127
\lst@width=\dimen128
\lst@newlines=\count119
\lst@lineno=\count120
\lst@maxwidth=\dimen129

(Z:\Programs\MikTex\tex\latex\listings\lstmisc.sty
File: lstmisc.sty 2013/08/26 1.5b (Carsten Heinz)
\c@lstnumber=\count121
\lst@skipnumbers=\count122
\lst@framebox=\box30
)
(Z:\Programs\MikTex\tex\latex\listings\listings.cfg
File: listings.cfg 2013/08/26 1.5b listings configuration
))
Package: listings 2013/08/26 1.5b (Carsten Heinz)

(Z:\Programs\MikTex\tex\latex\multirow\multirow.sty
\bigstrutjot=\dimen130
)
(Z:\Programs\MikTex\tex\latex\rotating\rotating.sty
Package: rotating 2009/03/28 v2.16a rotated objects in LaTeX

(Z:\Programs\MikTex\tex\latex\base\ifthen.sty
Package: ifthen 2001/05/26 v1.1c Standard LaTeX ifthen package (DPC)
)
\c@r@tfl@t=\count123
\rotFPtop=\skip47
\rotFPbot=\skip48
\rot@float@box=\box31
\rot@mess@toks=\toks24
)
(Z:\Programs\MikTex\tex\latex\natbib\natbib.sty
Package: natbib 2010/09/13 8.31b (PWD, AO)
\bibhang=\skip49
\bibsep=\skip50
LaTeX Info: Redefining \cite on input line 694.
\c@NAT@ctr=\count124
)
(Z:\Programs\MikTex\tex\latex\fancyhdr\fancyhdr.sty
\fancy@headwidth=\skip51
\f@ncyO@elh=\skip52
\f@ncyO@erh=\skip53
\f@ncyO@olh=\skip54
\f@ncyO@orh=\skip55
\f@ncyO@elf=\skip56
\f@ncyO@erf=\skip57
\f@ncyO@olf=\skip58
\f@ncyO@orf=\skip59
)
(Z:\Programs\MikTex\tex\latex\mdwtools\footnote.sty
Package: footnote 1997/01/28 1.13 Save footnotes around boxes
\fn@notes=\box32
\fn@width=\dimen131
)
(Z:\Programs\MikTex\tex\latex\ltxmisc\parskip.sty
Package: parskip 2001/04/09 non-zero parskip adjustments
)
(Z:\Programs\MikTex\tex\latex\tools\longtable.sty
Package: longtable 2004/02/01 v4.11 Multi-page Table package (DPC)
\LTleft=\skip60
\LTright=\skip61
\LTpre=\skip62
\LTpost=\skip63
\LTchunksize=\count125
\LTcapwidth=\dimen132
\LT@head=\box33
\LT@firsthead=\box34
\LT@foot=\box35
\LT@lastfoot=\box36
\LT@cols=\count126
\LT@rows=\count127
\c@LT@tables=\count128
\c@LT@chunks=\count129
\LT@p@ftn=\toks25
)
(Z:\Programs\MikTex\tex\latex\pdfpages\pdfpages.sty
Package: pdfpages 2013/08/25 v0.4v Insert pages of external PDF documents (AM)

(Z:\Programs\MikTex\tex\latex\tools\calc.sty
Package: calc 2007/08/22 v4.3 Infix arithmetic (KKT,FJ)
\calc@Acount=\count130
\calc@Bcount=\count131
\calc@Adimen=\dimen133
\calc@Bdimen=\dimen134
\calc@Askip=\skip64
\calc@Bskip=\skip65
LaTeX Info: Redefining \setlength on input line 76.
LaTeX Info: Redefining \addtolength on input line 77.
\calc@Ccount=\count132
\calc@Cskip=\skip66
)
(Z:\Programs\MikTex\tex\latex\eso-pic\eso-pic.sty
Package: eso-pic 2013/10/06 v2.0d eso-pic (RN)
)
(Z:\Programs\MikTex\tex\latex\pdfpages\pppdftex.def
File: pppdftex.def 2013/08/25 v0.4v Pdfpages driver for pdfTeX (AM)
)
\AM@pagebox=\box37
\AM@toc@title=\toks26
\c@AM@survey=\count133
\AM@templatesizebox=\box38
)
Package color Info: Redefining color black on input line 45.
Package color Info: Redefining color darkgray on input line 47.
Package color Info: Redefining color cyan on input line 50.

(Z:\Programs\MikTex\tex\latex\listings\lstlang1.sty
File: lstlang1.sty 2013/08/26 1.5b listings language file
)
(C:\Users\Sklipnoty\Documents\NetBeansProjects\vop-2014-team12\Dossier\dossier.
aux

LaTeX Warning: Label `it:first' multiply defined.


LaTeX Warning: Label `it:first' multiply defined.


LaTeX Warning: Label `it:first' multiply defined.


LaTeX Warning: Label `it:first' multiply defined.


LaTeX Warning: Label `it:first' multiply defined.


LaTeX Warning: Label `it:first' multiply defined.


LaTeX Warning: Label `it:first' multiply defined.


LaTeX Warning: Label `it:first' multiply defined.


LaTeX Warning: Label `it:first' multiply defined.


LaTeX Warning: Label `it:first' multiply defined.


LaTeX Warning: Label `it:first' multiply defined.


LaTeX Warning: Label `it:first' multiply defined.


LaTeX Warning: Label `it:first' multiply defined.


LaTeX Warning: Label `it:first' multiply defined.


LaTeX Warning: Label `sec:opdrachtsprint1' multiply defined.


LaTeX Warning: Label `sec:opdrachtsprint2' multiply defined.

)
LaTeX Font Info:    Checking defaults for OML/cmm/m/it on input line 225.
LaTeX Font Info:    ... okay on input line 225.
LaTeX Font Info:    Checking defaults for T1/cmr/m/n on input line 225.
LaTeX Font Info:    ... okay on input line 225.
LaTeX Font Info:    Checking defaults for OT1/cmr/m/n on input line 225.
LaTeX Font Info:    ... okay on input line 225.
LaTeX Font Info:    Checking defaults for OMS/cmsy/m/n on input line 225.
LaTeX Font Info:    ... okay on input line 225.
LaTeX Font Info:    Checking defaults for OMX/cmex/m/n on input line 225.
LaTeX Font Info:    ... okay on input line 225.
LaTeX Font Info:    Checking defaults for U/cmr/m/n on input line 225.
LaTeX Font Info:    ... okay on input line 225.
LaTeX Font Info:    Checking defaults for PD1/pdf/m/n on input line 225.
LaTeX Font Info:    ... okay on input line 225.
 (Z:\Programs\MikTex\tex\context\base\supp-pdf.mkii
[Loading MPS to PDF converter (version 2006.09.02).]
\scratchcounter=\count134
\scratchdimen=\dimen135
\scratchbox=\box39
\nofMPsegments=\count135
\nofMParguments=\count136
\everyMPshowfont=\toks27
\MPscratchCnt=\count137
\MPscratchDim=\dimen136
\MPnumerator=\count138
\makeMPintoPDFobject=\count139
\everyMPtoPDFconversion=\toks28
)
Package caption Info: Begin \AtBeginDocument code.
Package caption Info: hyperref package is loaded.
Package caption Info: listings package is loaded.
Package caption Info: longtable package is loaded.
 (Z:\Programs\MikTex\tex\latex\caption\ltcaption.sty
Package: ltcaption 2013/02/03 v1.3-62 longtable captions (AR)
)
Package caption Info: rotating package is loaded.
Package caption Info: End \AtBeginDocument code.
\AtBeginShipoutBox=\box40
Package hyperref Info: Link coloring OFF on input line 225.

(Z:\Programs\MikTex\tex\latex\hyperref\nameref.sty
Package: nameref 2012/10/27 v2.43 Cross-referencing by name of section

(Z:\Programs\MikTex\tex\generic\oberdiek\gettitlestring.sty
Package: gettitlestring 2010/12/03 v1.4 Cleanup title references (HO)
)
\c@section@level=\count140
)
LaTeX Info: Redefining \ref on input line 225.
LaTeX Info: Redefining \pageref on input line 225.
LaTeX Info: Redefining \nameref on input line 225.

(C:\Users\Sklipnoty\Documents\NetBeansProjects\vop-2014-team12\Dossier\dossier.
out)
(C:\Users\Sklipnoty\Documents\NetBeansProjects\vop-2014-team12\Dossier\dossier.
out)
\@outlinefile=\write3
\c@lstlisting=\count141
 <images/header.jpg, id=334, 884.55469pt x 114.4275pt>
File: images/header.jpg Graphic file (type jpg)

<use images/header.jpg>
Package pdftex.def Info: images/header.jpg used on input line 232.
(pdftex.def)             Requested size: 390.0pt x 50.45126pt.


LaTeX Font Warning: Font shape `OT1/cmss/m/it' in size <12> not available
(Font)              Font shape `OT1/cmss/m/sl' tried instead on input line 251.


LaTeX Font Info:    Try loading font information for U+msa on input line 259.
(Z:\Programs\MikTex\tex\latex\amsfonts\umsa.fd
File: umsa.fd 2013/01/14 v3.01 AMS symbols A
)
LaTeX Font Info:    Try loading font information for U+msb on input line 259.

(Z:\Programs\MikTex\tex\latex\amsfonts\umsb.fd
File: umsb.fd 2013/01/14 v3.01 AMS symbols B
) [1

{C:/Users/Sklipnoty/AppData/Local/MiKTeX/2.9/pdftex/config/pdftex.map} <C:/User
s/Sklipnoty/Documents/NetBeansProjects/vop-2014-team12/Dossier/images/header.jp
g>] [2]pdfTeX warning (ext4): destination with the same identifier (name{page.1
}) has been already used, duplicate ignored
<to be read again> 
                   \relax 
l.315 \end{titlepage}
                      [1]pdfTeX warning (ext4): destination with the same ident
ifier (name{page.1}) has been already used, duplicate ignored
<to be read again> 
                   \relax 
l.325 \abstract
                [1]pdfTeX warning (ext4): destination with the same identifier 
(name{page.1}) has been already used, duplicate ignored
<to be read again> 
                   \relax 
l.335 \tableofcontents
                       [1]
(C:\Users\Sklipnoty\Documents\NetBeansProjects\vop-2014-team12\Dossier\dossier.
toc
Underfull \vbox (badness 1406) has occurred while \output is active []

pdfTeX warning (ext4): destination with the same identifier (name{page.2}) has 
been already used, duplicate ignored
<to be read again> 
                   \relax 
l.50 ...er}{\numberline {4}Analyse}{18}{chapter.4}
                                                   [2

]

Package Fancyhdr Warning: \headheight is too small (12.0pt): 
 Make it at least 14.49998pt.
 We now make it that large for the rest of the document.
 This may cause the page layout to be inconsistent, however.

[3])
\tf@toc=\write4


Package Fancyhdr Warning: \headheight is too small (12.0pt): 
 Make it at least 14.49998pt.
 We now make it that large for the rest of the document.
 This may cause the page layout to be inconsistent, however.

[4]
Chapter 1.
[5

]
Chapter 2.

Overfull \hbox (21.02925pt too wide) in paragraph at lines 353--354
\OT1/cmss/m/n/12 paren. Op zich zijn dat onze za-ken niet maar wan-neer een per
-soon een buitenechtelijke
 []

[6

]

Package Fancyhdr Warning: \headheight is too small (12.0pt): 
 Make it at least 14.49998pt.
 We now make it that large for the rest of the document.
 This may cause the page layout to be inconsistent, however.

[7]
Chapter 3.
LaTeX Font Info:    Try loading font information for OMS+cmss on input line 393
.
LaTeX Font Info:    No file OMScmss.fd. on input line 393.

LaTeX Font Warning: Font shape `OMS/cmss/m/n' undefined
(Font)              using `OMS/cmsy/m/n' instead
(Font)              for symbol `textbullet' on input line 393.

[8

]

Package Fancyhdr Warning: \headheight is too small (12.0pt): 
 Make it at least 14.49998pt.
 We now make it that large for the rest of the document.
 This may cause the page layout to be inconsistent, however.

[9]

Package Fancyhdr Warning: \headheight is too small (12.0pt): 
 Make it at least 14.49998pt.
 We now make it that large for the rest of the document.
 This may cause the page layout to be inconsistent, however.

[10]

Package Fancyhdr Warning: \headheight is too small (12.0pt): 
 Make it at least 14.49998pt.
 We now make it that large for the rest of the document.
 This may cause the page layout to be inconsistent, however.

[11]

Package Fancyhdr Warning: \headheight is too small (12.0pt): 
 Make it at least 14.49998pt.
 We now make it that large for the rest of the document.
 This may cause the page layout to be inconsistent, however.

[12]

Package Fancyhdr Warning: \headheight is too small (12.0pt): 
 Make it at least 14.49998pt.
 We now make it that large for the rest of the document.
 This may cause the page layout to be inconsistent, however.

[13]
Overfull \hbox (74.25381pt too wide) in paragraph at lines 558--585
[] 
 []


Package Fancyhdr Warning: \headheight is too small (12.0pt): 
 Make it at least 14.49998pt.
 We now make it that large for the rest of the document.
 This may cause the page layout to be inconsistent, however.

[14]

Package Fancyhdr Warning: \headheight is too small (12.0pt): 
 Make it at least 14.49998pt.
 We now make it that large for the rest of the document.
 This may cause the page layout to be inconsistent, however.

[15]
Overfull \hbox (77.88852pt too wide) in paragraph at lines 586--621
[][] 
 []


Package Fancyhdr Warning: \headheight is too small (12.0pt): 
 Make it at least 14.49998pt.
 We now make it that large for the rest of the document.
 This may cause the page layout to be inconsistent, however.

[16]

Package Fancyhdr Warning: \headheight is too small (12.0pt): 
 Make it at least 14.49998pt.
 We now make it that large for the rest of the document.
 This may cause the page layout to be inconsistent, however.

[17]
Chapter 4.
<images/db.png, id=540, 824.07875pt x 1297.84875pt>
File: images/db.png Graphic file (type png)
 <use images/db.png>
Package pdftex.def Info: images/db.png used on input line 649.
(pdftex.def)             Requested size: 390.0pt x 614.20717pt.

Underfull \hbox (badness 10000) in paragraph at lines 649--650

 []

[18

]
Overfull \vbox (22.20717pt too high) has occurred while \output is active []



Package Fancyhdr Warning: \headheight is too small (12.0pt): 
 Make it at least 14.49998pt.
 We now make it that large for the rest of the document.
 This may cause the page layout to be inconsistent, however.

[19 <C:/Users/Sklipnoty/Documents/NetBeansProjects/vop-2014-team12/Dossier/imag
es/db.png>] <images/deploymentdiagram.png, id=549, 399.74344pt x 1126.2075pt>
File: images/deploymentdiagram.png Graphic file (type png)

<use images/deploymentdiagram.png>
Package pdftex.def Info: images/deploymentdiagram.png used on input line 660.
(pdftex.def)             Requested size: 210.13072pt x 592.0pt.

Underfull \vbox (badness 10000) has occurred while \output is active []



Package Fancyhdr Warning: \headheight is too small (12.0pt): 
 Make it at least 14.49998pt.
 We now make it that large for the rest of the document.
 This may cause the page layout to be inconsistent, however.

[20]

Package Fancyhdr Warning: \headheight is too small (12.0pt): 
 Make it at least 14.49998pt.
 We now make it that large for the rest of the document.
 This may cause the page layout to be inconsistent, however.

[21 <C:/Users/Sklipnoty/Documents/NetBeansProjects/vop-2014-team12/Dossier/imag
es/deploymentdiagram.png>]
<images/DCDService.png, id=561, 682.04813pt x 636.87938pt>
File: images/DCDService.png Graphic file (type png)

<use images/DCDService.png>
Package pdftex.def Info: images/DCDService.png used on input line 693.
(pdftex.def)             Requested size: 389.99953pt x 592.00017pt.

Underfull \vbox (badness 10000) has occurred while \output is active []



Package Fancyhdr Warning: \headheight is too small (12.0pt): 
 Make it at least 14.49998pt.
 We now make it that large for the rest of the document.
 This may cause the page layout to be inconsistent, however.

[22]

Package Fancyhdr Warning: \headheight is too small (12.0pt): 
 Make it at least 14.49998pt.
 We now make it that large for the rest of the document.
 This may cause the page layout to be inconsistent, however.

[23 <C:/Users/Sklipnoty/Documents/NetBeansProjects/vop-2014-team12/Dossier/imag
es/DCDService.png>] <images/DCDUser.png, id=571, 385.44pt x 675.27281pt>
File: images/DCDUser.png Graphic file (type png)

<use images/DCDUser.png>
Package pdftex.def Info: images/DCDUser.png used on input line 696.
(pdftex.def)             Requested size: 389.99709pt x 592.01628pt.

Underfull \vbox (badness 10000) has occurred while \output is active []



Package Fancyhdr Warning: \headheight is too small (12.0pt): 
 Make it at least 14.49998pt.
 We now make it that large for the rest of the document.
 This may cause the page layout to be inconsistent, however.

[24]
Overfull \vbox (36.28291pt too high) has occurred while \output is active []



Package Fancyhdr Warning: \headheight is too small (12.0pt): 
 Make it at least 14.49998pt.
 We now make it that large for the rest of the document.
 This may cause the page layout to be inconsistent, however.

[25 <C:/Users/Sklipnoty/Documents/NetBeansProjects/vop-2014-team12/Dossier/imag
es/DCDUser.png>]
<images/DCDpersondomain.png, id=580, 587.19376pt x 866.48718pt>
File: images/DCDpersondomain.png Graphic file (type png)

<use images/DCDpersondomain.png>
Package pdftex.def Info: images/DCDpersondomain.png used on input line 699.
(pdftex.def)             Requested size: 389.99512pt x 592.01967pt.

Underfull \vbox (badness 10000) has occurred while \output is active []



Package Fancyhdr Warning: \headheight is too small (12.0pt): 
 Make it at least 14.49998pt.
 We now make it that large for the rest of the document.
 This may cause the page layout to be inconsistent, however.

[26]
Overfull \vbox (36.2863pt too high) has occurred while \output is active []



Package Fancyhdr Warning: \headheight is too small (12.0pt): 
 Make it at least 14.49998pt.
 We now make it that large for the rest of the document.
 This may cause the page layout to be inconsistent, however.

[27 <C:/Users/Sklipnoty/Documents/NetBeansProjects/vop-2014-team12/Dossier/imag
es/DCDpersondomain.png>]
Underfull \hbox (badness 10000) in paragraph at lines 720--721

 []


Underfull \hbox (badness 10000) in paragraph at lines 722--727

 []


Underfull \hbox (badness 10000) in paragraph at lines 728--732

 []


Underfull \hbox (badness 10000) in paragraph at lines 733--736

 []


Underfull \hbox (badness 10000) in paragraph at lines 737--740

 []


Package Fancyhdr Warning: \headheight is too small (12.0pt): 
 Make it at least 14.49998pt.
 We now make it that large for the rest of the document.
 This may cause the page layout to be inconsistent, however.

[28]
Underfull \hbox (badness 10000) in paragraph at lines 742--743

 []

<images/aanmakenuser.png, id=595, 947.79094pt x 459.21562pt>
File: images/aanmakenuser.png Graphic file (type png)

<use images/aanmakenuser.png>
Package pdftex.def Info: images/aanmakenuser.png used on input line 744.
(pdftex.def)             Requested size: 390.0pt x 188.9593pt.


Package Fancyhdr Warning: \headheight is too small (12.0pt): 
 Make it at least 14.49998pt.
 We now make it that large for the rest of the document.
 This may cause the page layout to be inconsistent, however.

[29 <C:/Users/Sklipnoty/Documents/NetBeansProjects/vop-2014-team12/Dossier/imag
es/aanmakenuser.png>]
Underfull \hbox (badness 10000) in paragraph at lines 768--773

 []


Underfull \hbox (badness 10000) in paragraph at lines 774--778

 []


Underfull \hbox (badness 10000) in paragraph at lines 779--782

 []


Underfull \hbox (badness 10000) in paragraph at lines 783--784

 []


Package Fancyhdr Warning: \headheight is too small (12.0pt): 
 Make it at least 14.49998pt.
 We now make it that large for the rest of the document.
 This may cause the page layout to be inconsistent, however.

[30] <images/inloggenuser.png, id=605, 756.57657pt x 417.05812pt>
File: images/inloggenuser.png Graphic file (type png)

<use images/inloggenuser.png>
Package pdftex.def Info: images/inloggenuser.png used on input line 785.
(pdftex.def)             Requested size: 390.0pt x 214.98778pt.


Package Fancyhdr Warning: \headheight is too small (12.0pt): 
 Make it at least 14.49998pt.
 We now make it that large for the rest of the document.
 This may cause the page layout to be inconsistent, however.

[31 <C:/Users/Sklipnoty/Documents/NetBeansProjects/vop-2014-team12/Dossier/imag
es/inloggenuser.png>]
Underfull \hbox (badness 10000) in paragraph at lines 807--808

 []


Underfull \hbox (badness 10000) in paragraph at lines 809--814

 []


Underfull \hbox (badness 10000) in paragraph at lines 815--819

 []


Underfull \hbox (badness 10000) in paragraph at lines 820--823

 []


Package Fancyhdr Warning: \headheight is too small (12.0pt): 
 Make it at least 14.49998pt.
 We now make it that large for the rest of the document.
 This may cause the page layout to be inconsistent, however.

[32] <images/aanmakentree.png, id=615, 624.08156pt x 345.54094pt>
File: images/aanmakentree.png Graphic file (type png)

<use images/aanmakentree.png>
Package pdftex.def Info: images/aanmakentree.png used on input line 825.
(pdftex.def)             Requested size: 390.0pt x 215.93619pt.


Package Fancyhdr Warning: \headheight is too small (12.0pt): 
 Make it at least 14.49998pt.
 We now make it that large for the rest of the document.
 This may cause the page layout to be inconsistent, however.

[33 <C:/Users/Sklipnoty/Documents/NetBeansProjects/vop-2014-team12/Dossier/imag
es/aanmakentree.png>]
Underfull \hbox (badness 10000) in paragraph at lines 847--848

 []


Underfull \hbox (badness 10000) in paragraph at lines 849--856

 []


Underfull \hbox (badness 10000) in paragraph at lines 857--861

 []


Underfull \hbox (badness 10000) in paragraph at lines 862--865

 []


Package Fancyhdr Warning: \headheight is too small (12.0pt): 
 Make it at least 14.49998pt.
 We now make it that large for the rest of the document.
 This may cause the page layout to be inconsistent, however.

[34] <images/persoontoevoegen.png, id=627, 810.02625pt x 414.79968pt>
File: images/persoontoevoegen.png Graphic file (type png)

<use images/persoontoevoegen.png>
Package pdftex.def Info: images/persoontoevoegen.png used on input line 867.
(pdftex.def)             Requested size: 390.0pt x 199.71553pt.


Package Fancyhdr Warning: \headheight is too small (12.0pt): 
 Make it at least 14.49998pt.
 We now make it that large for the rest of the document.
 This may cause the page layout to be inconsistent, however.

[35 <C:/Users/Sklipnoty/Documents/NetBeansProjects/vop-2014-team12/Dossier/imag
es/persoontoevoegen.png>]
Underfull \hbox (badness 10000) in paragraph at lines 892--898

 []


Underfull \hbox (badness 10000) in paragraph at lines 899--902

 []


Underfull \hbox (badness 10000) in paragraph at lines 903--905

 []


Package Fancyhdr Warning: \headheight is too small (12.0pt): 
 Make it at least 14.49998pt.
 We now make it that large for the rest of the document.
 This may cause the page layout to be inconsistent, however.

[36]
Overfull \hbox (23.65773pt too wide) in paragraph at lines 907--907
[]\OT1/cmss/bx/n/14.4 Sequence Dia-gram Ver-sturen Van Vriend-schaps-verzoek 
 []

<images/sendfriendrequest.png, id=638, 793.46437pt x 413.29407pt>
File: images/sendfriendrequest.png Graphic file (type png)

<use images/sendfriendrequest.png>
Package pdftex.def Info: images/sendfriendrequest.png used on input line 908.
(pdftex.def)             Requested size: 390.0pt x 203.14648pt.


Package Fancyhdr Warning: \headheight is too small (12.0pt): 
 Make it at least 14.49998pt.
 We now make it that large for the rest of the document.
 This may cause the page layout to be inconsistent, however.

[37 <C:/Users/Sklipnoty/Documents/NetBeansProjects/vop-2014-team12/Dossier/imag
es/sendfriendrequest.png>]
Chapter 5.
[38

]
Chapter 6.
[39

] <images/logger.png, id=654, 439.6425pt x 92.59593pt>
File: images/logger.png Graphic file (type png)

<use images/logger.png>
Package pdftex.def Info: images/logger.png used on input line 942.
(pdftex.def)             Requested size: 439.64142pt x 92.59569pt.

Overfull \hbox (49.64142pt too wide) in paragraph at lines 937--943
[] 
 []


Package Fancyhdr Warning: \headheight is too small (12.0pt): 
 Make it at least 14.49998pt.
 We now make it that large for the rest of the document.
 This may cause the page layout to be inconsistent, however.

[40 <C:/Users/Sklipnoty/Documents/NetBeansProjects/vop-2014-team12/Dossier/imag
es/logger.png>] <images/netbeansjunit.png, id=660, 438.8897pt x 334.24875pt>
File: images/netbeansjunit.png Graphic file (type png)

<use images/netbeansjunit.png>
Package pdftex.def Info: images/netbeansjunit.png used on input line 958.
(pdftex.def)             Requested size: 438.88863pt x 334.24792pt.

Overfull \hbox (48.88863pt too wide) in paragraph at lines 958--959
[][] 
 []


Underfull \hbox (badness 10000) in paragraph at lines 958--959

 []


Package Fancyhdr Warning: \headheight is too small (12.0pt): 
 Make it at least 14.49998pt.
 We now make it that large for the rest of the document.
 This may cause the page layout to be inconsistent, however.

[41 <C:/Users/Sklipnoty/Documents/NetBeansProjects/vop-2014-team12/Dossier/imag
es/netbeansjunit.png>]
<images/netbeansjunit2.png, id=667, 283.81032pt x 417.05812pt>
File: images/netbeansjunit2.png Graphic file (type png)

<use images/netbeansjunit2.png>
Package pdftex.def Info: images/netbeansjunit2.png used on input line 964.
(pdftex.def)             Requested size: 283.80962pt x 417.0571pt.

Underfull \hbox (badness 10000) in paragraph at lines 964--965

 []

<images/junit1.png, id=668, 544.28343pt x 173.89969pt>
File: images/junit1.png Graphic file (type png)
 <use images/junit1.png>
Package pdftex.def Info: images/junit1.png used on input line 968.
(pdftex.def)             Requested size: 544.2821pt x 173.89925pt.

Overfull \hbox (154.2821pt too wide) in paragraph at lines 968--969
[][] 
 []


Underfull \hbox (badness 10000) in paragraph at lines 968--969

 []


Underfull \vbox (badness 10000) has occurred while \output is active []



Package Fancyhdr Warning: \headheight is too small (12.0pt): 
 Make it at least 14.49998pt.
 We now make it that large for the rest of the document.
 This may cause the page layout to be inconsistent, however.

[42 <C:/Users/Sklipnoty/Documents/NetBeansProjects/vop-2014-team12/Dossier/imag
es/netbeansjunit2.png>]
<images/beforeafter.png, id=674, 484.05844pt x 219.06844pt>
File: images/beforeafter.png Graphic file (type png)

<use images/beforeafter.png>
Package pdftex.def Info: images/beforeafter.png used on input line 977.
(pdftex.def)             Requested size: 484.05725pt x 219.06789pt.

Overfull \hbox (94.05725pt too wide) in paragraph at lines 977--978
[][] 
 []


Underfull \hbox (badness 10000) in paragraph at lines 977--978

 []

<images/beforeafterclass.png, id=675, 656.4525pt x 124.96687pt>
File: images/beforeafterclass.png Graphic file (type png)

<use images/beforeafterclass.png>
Package pdftex.def Info: images/beforeafterclass.png used on input line 983.
(pdftex.def)             Requested size: 656.4509pt x 124.96657pt.

Overfull \hbox (266.4509pt too wide) in paragraph at lines 983--984
[][] 
 []


Underfull \hbox (badness 10000) in paragraph at lines 983--984

 []


Package Fancyhdr Warning: \headheight is too small (12.0pt): 
 Make it at least 14.49998pt.
 We now make it that large for the rest of the document.
 This may cause the page layout to be inconsistent, however.

[43 <C:/Users/Sklipnoty/Documents/NetBeansProjects/vop-2014-team12/Dossier/imag
es/junit1.png> <C:/Users/Sklipnoty/Documents/NetBeansProjects/vop-2014-team12/D
ossier/images/beforeafter.png>]
<images/junit2.png, id=682, 249.93375pt x 83.5622pt>
File: images/junit2.png Graphic file (type png)
 <use images/junit2.png>
Package pdftex.def Info: images/junit2.png used on input line 990.
(pdftex.def)             Requested size: 249.93314pt x 83.56198pt.

Underfull \hbox (badness 10000) in paragraph at lines 988--991

 []

<images/junit3.png, id=683, 395.22656pt x 95.6072pt>
File: images/junit3.png Graphic file (type png)
 <use images/junit3.png>
Package pdftex.def Info: images/junit3.png used on input line 998.
(pdftex.def)             Requested size: 395.22559pt x 95.60695pt.

Overfull \hbox (5.22559pt too wide) in paragraph at lines 998--999
[][] 
 []


Underfull \hbox (badness 10000) in paragraph at lines 998--999

 []


Package Fancyhdr Warning: \headheight is too small (12.0pt): 
 Make it at least 14.49998pt.
 We now make it that large for the rest of the document.
 This may cause the page layout to be inconsistent, however.

[44 <C:/Users/Sklipnoty/Documents/NetBeansProjects/vop-2014-team12/Dossier/imag
es/beforeafterclass.png> <C:/Users/Sklipnoty/Documents/NetBeansProjects/vop-201
4-team12/Dossier/images/junit2.png> <C:/Users/Sklipnoty/Documents/NetBeansProje
cts/vop-2014-team12/Dossier/images/junit3.png>]
<images/adduserfail.png, id=691, 246.1697pt x 94.10156pt>
File: images/adduserfail.png Graphic file (type png)

<use images/adduserfail.png>
Package pdftex.def Info: images/adduserfail.png used on input line 1010.
(pdftex.def)             Requested size: 246.16908pt x 94.10132pt.

Underfull \hbox (badness 10000) in paragraph at lines 1010--1011

 []

File: images/junit3.png Graphic file (type png)
<use images/junit3.png>
Package pdftex.def Info: images/junit3.png used on input line 1024.
(pdftex.def)             Requested size: 395.22559pt x 95.60695pt.

Overfull \hbox (5.22559pt too wide) in paragraph at lines 1024--1025
[][] 
 []


Underfull \hbox (badness 10000) in paragraph at lines 1024--1025

 []


Underfull \vbox (badness 10000) has occurred while \output is active []



Package Fancyhdr Warning: \headheight is too small (12.0pt): 
 Make it at least 14.49998pt.
 We now make it that large for the rest of the document.
 This may cause the page layout to be inconsistent, however.

[45 <C:/Users/Sklipnoty/Documents/NetBeansProjects/vop-2014-team12/Dossier/imag
es/adduserfail.png>] <images/gedcom.png, id=698, 462.97969pt x 167.87718pt>
File: images/gedcom.png Graphic file (type png)

<use images/gedcom.png>
Package pdftex.def Info: images/gedcom.png used on input line 1042.
(pdftex.def)             Requested size: 462.97855pt x 167.87677pt.

Overfull \hbox (72.97855pt too wide) in paragraph at lines 1042--1043
[][] 
 []


Underfull \hbox (badness 10000) in paragraph at lines 1042--1043

 []

<images/gedcomheader.png, id=699, 245.41687pt x 165.61874pt>
File: images/gedcomheader.png Graphic file (type png)

<use images/gedcomheader.png>
Package pdftex.def Info: images/gedcomheader.png used on input line 1047.
(pdftex.def)             Requested size: 245.41626pt x 165.61833pt.

Underfull \hbox (badness 10000) in paragraph at lines 1047--1048

 []

<images/gedcomperson.png, id=700, 182.93344pt x 261.22594pt>

Package Fancyhdr Warning: \headheight is too small (12.0pt): 
 Make it at least 14.49998pt.
 We now make it that large for the rest of the document.
 This may cause the page layout to be inconsistent, however.

[46 <C:/Users/Sklipnoty/Documents/NetBeansProjects/vop-2014-team12/Dossier/imag
es/gedcom.png> <C:/Users/Sklipnoty/Documents/NetBeansProjects/vop-2014-team12/D
ossier/images/gedcomheader.png>]
File: images/gedcomperson.png Graphic file (type png)
 <use images/gedcomperson.png>
Package pdftex.def Info: images/gedcomperson.png used on input line 1051.
(pdftex.def)             Requested size: 182.93298pt x 261.22528pt.

Underfull \hbox (badness 10000) in paragraph at lines 1051--1052

 []

<images/gedcomrelaties.png, id=707, 91.84312pt x 68.50594pt>
File: images/gedcomrelaties.png Graphic file (type png)

<use images/gedcomrelaties.png>
Package pdftex.def Info: images/gedcomrelaties.png used on input line 1055.
(pdftex.def)             Requested size: 91.84288pt x 68.50577pt.

Underfull \hbox (badness 10000) in paragraph at lines 1055--1056

 []


Package Fancyhdr Warning: \headheight is too small (12.0pt): 
 Make it at least 14.49998pt.
 We now make it that large for the rest of the document.
 This may cause the page layout to be inconsistent, however.

[47 <C:/Users/Sklipnoty/Documents/NetBeansProjects/vop-2014-team12/Dossier/imag
es/gedcomperson.png> <C:/Users/Sklipnoty/Documents/NetBeansProjects/vop-2014-te
am12/Dossier/images/gedcomrelaties.png>]
<images/gedcomindividual.png, id=714, 271.0125pt x 41.4047pt>
File: images/gedcomindividual.png Graphic file (type png)

<use images/gedcomindividual.png>
Package pdftex.def Info: images/gedcomindividual.png used on input line 1073.
(pdftex.def)             Requested size: 271.01183pt x 41.40457pt.

Underfull \hbox (badness 10000) in paragraph at lines 1073--1074

 []

<images/gedcomfamily.png, id=715, 226.59656pt x 108.405pt>
File: images/gedcomfamily.png Graphic file (type png)

<use images/gedcomfamily.png>
Package pdftex.def Info: images/gedcomfamily.png used on input line 1077.
(pdftex.def)             Requested size: 226.596pt x 108.40472pt.

Underfull \hbox (badness 10000) in paragraph at lines 1077--1078

 []


Package Fancyhdr Warning: \headheight is too small (12.0pt): 
 Make it at least 14.49998pt.
 We now make it that large for the rest of the document.
 This may cause the page layout to be inconsistent, however.

[48 <C:/Users/Sklipnoty/Documents/NetBeansProjects/vop-2014-team12/Dossier/imag
es/gedcomindividual.png> <C:/Users/Sklipnoty/Documents/NetBeansProjects/vop-201
4-team12/Dossier/images/gedcomfamily.png>]
<images/sardine.png, id=722, 485.56406pt x 231.11343pt>
File: images/sardine.png Graphic file (type png)

<use images/sardine.png>
Package pdftex.def Info: images/sardine.png used on input line 1099.
(pdftex.def)             Requested size: 485.56287pt x 231.11287pt.

Overfull \hbox (95.56287pt too wide) in paragraph at lines 1099--1100
[][] 
 []


Underfull \hbox (badness 10000) in paragraph at lines 1099--1100

 []

<images/sardineupload.png, id=723, 411.03563pt x 152.06813pt>
File: images/sardineupload.png Graphic file (type png)

<use images/sardineupload.png>
Package pdftex.def Info: images/sardineupload.png used on input line 1106.
(pdftex.def)             Requested size: 411.03462pt x 152.06775pt.

Overfull \hbox (21.03462pt too wide) in paragraph at lines 1106--1107
[][] 
 []


Underfull \hbox (badness 10000) in paragraph at lines 1106--1107

 []


Underfull \vbox (badness 10000) has occurred while \output is active []



Package Fancyhdr Warning: \headheight is too small (12.0pt): 
 Make it at least 14.49998pt.
 We now make it that large for the rest of the document.
 This may cause the page layout to be inconsistent, however.

[49 <C:/Users/Sklipnoty/Documents/NetBeansProjects/vop-2014-team12/Dossier/imag
es/sardine.png>]
Overfull \hbox (16.98413pt too wide) in paragraph at lines 1115--1117
[]\OT1/cmss/m/n/12 Registereren van een de-veloper app : Ga naar ht-tps://devel
opers.facebook.com/apps
 []

<images/facebook4.png, id=729, 696.35156pt x 79.79813pt>
File: images/facebook4.png Graphic file (type png)

<use images/facebook4.png>
Package pdftex.def Info: images/facebook4.png used on input line 1118.
(pdftex.def)             Requested size: 696.34985pt x 79.79791pt.

Overfull \hbox (306.34985pt too wide) in paragraph at lines 1118--1119
[][] 
 []


Underfull \hbox (badness 10000) in paragraph at lines 1118--1119

 []

<images/facebook.png, id=730, 426.09187pt x 249.93375pt>
File: images/facebook.png Graphic file (type png)

<use images/facebook.png>
Package pdftex.def Info: images/facebook.png used on input line 1122.
(pdftex.def)             Requested size: 426.09082pt x 249.93314pt.

Overfull \hbox (36.09082pt too wide) in paragraph at lines 1122--1123
[][] 
 []


Underfull \hbox (badness 10000) in paragraph at lines 1122--1123

 []


Underfull \vbox (badness 10000) has occurred while \output is active []



Package Fancyhdr Warning: \headheight is too small (12.0pt): 
 Make it at least 14.49998pt.
 We now make it that large for the rest of the document.
 This may cause the page layout to be inconsistent, however.

[50 <C:/Users/Sklipnoty/Documents/NetBeansProjects/vop-2014-team12/Dossier/imag
es/sardineupload.png> <C:/Users/Sklipnoty/Documents/NetBeansProjects/vop-2014-t
eam12/Dossier/images/facebook4.png>]
<images/facebook2.png, id=737, 542.77782pt x 268.00125pt>
File: images/facebook2.png Graphic file (type png)

<use images/facebook2.png>
Package pdftex.def Info: images/facebook2.png used on input line 1126.
(pdftex.def)             Requested size: 542.77649pt x 268.00058pt.

Overfull \hbox (152.77649pt too wide) in paragraph at lines 1126--1127
[][] 
 []


Underfull \hbox (badness 10000) in paragraph at lines 1126--1127

 []


Package Fancyhdr Warning: \headheight is too small (12.0pt): 
 Make it at least 14.49998pt.
 We now make it that large for the rest of the document.
 This may cause the page layout to be inconsistent, however.

[51 <C:/Users/Sklipnoty/Documents/NetBeansProjects/vop-2014-team12/Dossier/imag
es/facebook.png> <C:/Users/Sklipnoty/Documents/NetBeansProjects/vop-2014-team12
/Dossier/images/facebook2.png>]
<images/facebook3.png, id=744, 537.50812pt x 135.50626pt>
File: images/facebook3.png Graphic file (type png)

<use images/facebook3.png>
Package pdftex.def Info: images/facebook3.png used on input line 1130.
(pdftex.def)             Requested size: 537.5068pt x 135.5059pt.

Overfull \hbox (147.5068pt too wide) in paragraph at lines 1130--1131
[][] 
 []


Underfull \hbox (badness 10000) in paragraph at lines 1130--1131

 []

File: images/facebook4.png Graphic file (type png)
<use images/facebook4.png>
Package pdftex.def Info: images/facebook4.png used on input line 1133.
(pdftex.def)             Requested size: 696.34985pt x 79.79791pt.

Overfull \hbox (560.94923pt too wide) in paragraph at lines 1132--1134
\OT1/cmss/m/n/12 aan waarin de secret code van de API ver-meld wordt. [] 
 []


Underfull \hbox (badness 10000) in paragraph at lines 1132--1134

 []


Package Fancyhdr Warning: \headheight is too small (12.0pt): 
 Make it at least 14.49998pt.
 We now make it that large for the rest of the document.
 This may cause the page layout to be inconsistent, however.

[52 <C:/Users/Sklipnoty/Documents/NetBeansProjects/vop-2014-team12/Dossier/imag
es/facebook3.png>]
Overfull \hbox (44.71713pt too wide) in paragraph at lines 1182--1183
[]\OT1/cmss/m/n/12 Om gebruik te maken van de Abego TreeLay-out moet je de org.
abego.treelayout.core.jar(de
 []


Package Fancyhdr Warning: \headheight is too small (12.0pt): 
 Make it at least 14.49998pt.
 We now make it that large for the rest of the document.
 This may cause the page layout to be inconsistent, however.

[53]

Package Fancyhdr Warning: \headheight is too small (12.0pt): 
 Make it at least 14.49998pt.
 We now make it that large for the rest of the document.
 This may cause the page layout to be inconsistent, however.

[54]

Package Fancyhdr Warning: \headheight is too small (12.0pt): 
 Make it at least 14.49998pt.
 We now make it that large for the rest of the document.
 This may cause the page layout to be inconsistent, however.

[55]
Chapter 7.
[56

]
Chapter 8.

Underfull \vbox (badness 10000) has occurred while \output is active []

 [57

]

Package Fancyhdr Warning: \headheight is too small (12.0pt): 
 Make it at least 14.49998pt.
 We now make it that large for the rest of the document.
 This may cause the page layout to be inconsistent, however.

[58]
Chapter 9.

Underfull \vbox (badness 10000) has occurred while \output is active []

 [59

]

Package Fancyhdr Warning: \headheight is too small (12.0pt): 
 Make it at least 14.49998pt.
 We now make it that large for the rest of the document.
 This may cause the page layout to be inconsistent, however.

[60]

Package Fancyhdr Warning: \headheight is too small (12.0pt): 
 Make it at least 14.49998pt.
 We now make it that large for the rest of the document.
 This may cause the page layout to be inconsistent, however.

[61]
Chapter 10.

Underfull \vbox (badness 3590) has occurred while \output is active []

 [62

]

Package Fancyhdr Warning: \headheight is too small (12.0pt): 
 Make it at least 14.49998pt.
 We now make it that large for the rest of the document.
 This may cause the page layout to be inconsistent, however.

[63]
(C:\Users\Sklipnoty\Documents\NetBeansProjects\vop-2014-team12\Dossier\dossier.
lof)
\tf@lof=\write5
 [64


]
(C:\Users\Sklipnoty\Documents\NetBeansProjects\vop-2014-team12\Dossier\dossier.
lot)
\tf@lot=\write6
 [65


]
Appendix A.
<Files/stambomen-sprint1.pdf, id=821, 597.55246pt x 845.07718pt>
File: Files/stambomen-sprint1.pdf Graphic file (type pdf)

<use Files/stambomen-sprint1.pdf>
Package pdftex.def Info: Files/stambomen-sprint1.pdf used on input line 1345.
(pdftex.def)             Requested size: 597.551pt x 845.07512pt.
File: Files/stambomen-sprint1.pdf Graphic file (type pdf)
 <use Files/stambomen-sprint1.pdf>
Package pdftex.def Info: Files/stambomen-sprint1.pdf used on input line 1345.
(pdftex.def)             Requested size: 597.551pt x 845.07512pt.
 [66

]
<Files/stambomen-sprint1.pdf, id=828, page=1, 597.55246pt x 845.07718pt>
File: Files/stambomen-sprint1.pdf Graphic file (type pdf)

<use Files/stambomen-sprint1.pdf, page 1>
Package pdftex.def Info: Files/stambomen-sprint1.pdf, page1 used on input line 
1345.
(pdftex.def)             Requested size: 597.551pt x 845.07512pt.
File: Files/stambomen-sprint1.pdf Graphic file (type pdf)

<use Files/stambomen-sprint1.pdf, page 1>
Package pdftex.def Info: Files/stambomen-sprint1.pdf, page1 used on input line 
1345.
(pdftex.def)             Requested size: 478.04262pt x 676.06267pt.
File: Files/stambomen-sprint1.pdf Graphic file (type pdf)

<use Files/stambomen-sprint1.pdf, page 1>
Package pdftex.def Info: Files/stambomen-sprint1.pdf, page1 used on input line 
1345.
(pdftex.def)             Requested size: 478.04262pt x 676.06267pt.
File: Files/stambomen-sprint1.pdf Graphic file (type pdf)

<use Files/stambomen-sprint1.pdf, page 1>
Package pdftex.def Info: Files/stambomen-sprint1.pdf, page1 used on input line 
1345.
(pdftex.def)             Requested size: 478.04262pt x 676.06267pt.


Package Fancyhdr Warning: \headheight is too small (12.0pt): 
 Make it at least 14.49998pt.
 We now make it that large for the rest of the document.
 This may cause the page layout to be inconsistent, however.

File: Files/stambomen-sprint1.pdf Graphic file (type pdf)
<use Files/stambomen-sprint1.pdf, page 1>
Package pdftex.def Info: Files/stambomen-sprint1.pdf, page1 used on input line 
1345.
(pdftex.def)             Requested size: 478.04262pt x 676.06267pt.
 [67 <C:/Users/Sklipnoty/Documents/NetBeansProjects/vop-2014-team12/Dossier/Fil
es/stambomen-sprint1.pdf>]
<Files/stambomen-sprint1.pdf, id=849, page=2, 597.55246pt x 845.07718pt>
File: Files/stambomen-sprint1.pdf Graphic file (type pdf)

<use Files/stambomen-sprint1.pdf, page 2>
Package pdftex.def Info: Files/stambomen-sprint1.pdf, page2 used on input line 
1345.
(pdftex.def)             Requested size: 478.04262pt x 676.06267pt.
File: Files/stambomen-sprint1.pdf Graphic file (type pdf)

<use Files/stambomen-sprint1.pdf, page 2>
Package pdftex.def Info: Files/stambomen-sprint1.pdf, page2 used on input line 
1345.
(pdftex.def)             Requested size: 478.04262pt x 676.06267pt.


Package Fancyhdr Warning: \headheight is too small (12.0pt): 
 Make it at least 14.49998pt.
 We now make it that large for the rest of the document.
 This may cause the page layout to be inconsistent, however.

File: Files/stambomen-sprint1.pdf Graphic file (type pdf)
<use Files/stambomen-sprint1.pdf, page 2>
Package pdftex.def Info: Files/stambomen-sprint1.pdf, page2 used on input line 
1345.
(pdftex.def)             Requested size: 478.04262pt x 676.06267pt.
 [68 <C:/Users/Sklipnoty/Documents/NetBeansProjects/vop-2014-team12/Dossier/Fil
es/stambomen-sprint1.pdf>]
<Files/stambomen-sprint2.pdf, id=858, 597.55246pt x 845.07718pt>
File: Files/stambomen-sprint2.pdf Graphic file (type pdf)

<use Files/stambomen-sprint2.pdf>
Package pdftex.def Info: Files/stambomen-sprint2.pdf used on input line 1346.
(pdftex.def)             Requested size: 597.551pt x 845.07512pt.
File: Files/stambomen-sprint2.pdf Graphic file (type pdf)
 <use Files/stambomen-sprint2.pdf>
Package pdftex.def Info: Files/stambomen-sprint2.pdf used on input line 1346.
(pdftex.def)             Requested size: 597.551pt x 845.07512pt.

<Files/stambomen-sprint2.pdf, id=861, page=1, 597.55246pt x 845.07718pt>
File: Files/stambomen-sprint2.pdf Graphic file (type pdf)

<use Files/stambomen-sprint2.pdf, page 1>
Package pdftex.def Info: Files/stambomen-sprint2.pdf, page1 used on input line 
1346.
(pdftex.def)             Requested size: 597.551pt x 845.07512pt.
File: Files/stambomen-sprint2.pdf Graphic file (type pdf)

<use Files/stambomen-sprint2.pdf, page 1>
Package pdftex.def Info: Files/stambomen-sprint2.pdf, page1 used on input line 
1346.
(pdftex.def)             Requested size: 478.04262pt x 676.06267pt.
File: Files/stambomen-sprint2.pdf Graphic file (type pdf)

<use Files/stambomen-sprint2.pdf, page 1>
Package pdftex.def Info: Files/stambomen-sprint2.pdf, page1 used on input line 
1346.
(pdftex.def)             Requested size: 478.04262pt x 676.06267pt.
File: Files/stambomen-sprint2.pdf Graphic file (type pdf)

<use Files/stambomen-sprint2.pdf, page 1>
Package pdftex.def Info: Files/stambomen-sprint2.pdf, page1 used on input line 
1346.
(pdftex.def)             Requested size: 478.04262pt x 676.06267pt.


Package Fancyhdr Warning: \headheight is too small (12.0pt): 
 Make it at least 14.49998pt.
 We now make it that large for the rest of the document.
 This may cause the page layout to be inconsistent, however.

File: Files/stambomen-sprint2.pdf Graphic file (type pdf)
<use Files/stambomen-sprint2.pdf, page 1>
Package pdftex.def Info: Files/stambomen-sprint2.pdf, page1 used on input line 
1346.
(pdftex.def)             Requested size: 478.04262pt x 676.06267pt.
 [69 <C:/Users/Sklipnoty/Documents/NetBeansProjects/vop-2014-team12/Dossier/Fil
es/stambomen-sprint2.pdf>]
<Files/stambomen-sprint2.pdf, id=880, page=2, 597.55246pt x 845.07718pt>
File: Files/stambomen-sprint2.pdf Graphic file (type pdf)

<use Files/stambomen-sprint2.pdf, page 2>
Package pdftex.def Info: Files/stambomen-sprint2.pdf, page2 used on input line 
1346.
(pdftex.def)             Requested size: 478.04262pt x 676.06267pt.
File: Files/stambomen-sprint2.pdf Graphic file (type pdf)

<use Files/stambomen-sprint2.pdf, page 2>
Package pdftex.def Info: Files/stambomen-sprint2.pdf, page2 used on input line 
1346.
(pdftex.def)             Requested size: 478.04262pt x 676.06267pt.


Package Fancyhdr Warning: \headheight is too small (12.0pt): 
 Make it at least 14.49998pt.
 We now make it that large for the rest of the document.
 This may cause the page layout to be inconsistent, however.

File: Files/stambomen-sprint2.pdf Graphic file (type pdf)
<use Files/stambomen-sprint2.pdf, page 2>
Package pdftex.def Info: Files/stambomen-sprint2.pdf, page2 used on input line 
1346.
(pdftex.def)             Requested size: 478.04262pt x 676.06267pt.
 [70 <C:/Users/Sklipnoty/Documents/NetBeansProjects/vop-2014-team12/Dossier/Fil
es/stambomen-sprint2.pdf>]
Package atveryend Info: Empty hook `BeforeClearDocument' on input line 1348.
Package atveryend Info: Empty hook `AfterLastShipout' on input line 1348.

(C:\Users\Sklipnoty\Documents\NetBeansProjects\vop-2014-team12\Dossier\dossier.
aux)
Package atveryend Info: Executing hook `AtVeryEndDocument' on input line 1348.
Package atveryend Info: Executing hook `AtEndAfterFileList' on input line 1348.



Package rerunfilecheck Warning: File `dossier.out' has changed.
(rerunfilecheck)                Rerun to get outlines right
(rerunfilecheck)                or use package `bookmark'.

Package rerunfilecheck Info: Checksums for `dossier.out':
(rerunfilecheck)             Before: A548BAB02A879A3345364ED98AA2316A;5339
(rerunfilecheck)             After:  2DFD410D321D3D93FB6DCD57A96D16DF;5343.

LaTeX Font Warning: Some font shapes were not available, defaults substituted.


LaTeX Warning: There were multiply-defined labels.

Package atveryend Info: Empty hook `AtVeryVeryEnd' on input line 1348.
 ) 
Here is how much of TeX's memory you used:
 10721 strings out of 493921
 155920 string characters out of 3150879
 279123 words of memory out of 3000000
 13615 multiletter control sequences out of 15000+200000
 13650 words of font info for 52 fonts, out of 3000000 for 9000
 841 hyphenation exceptions out of 8191
 40i,19n,46p,1123b,479s stack positions out of 5000i,500n,10000p,200000b,50000s
pdfTeX warning (dest): name{subsection.4.11.2} has been referenced but does n
ot exist, replaced by a fixed one

pdfTeX warning (dest): name{subsection.4.11.1} has been referenced but does not
 exist, replaced by a fixed one

pdfTeX warning (dest): name{section.4.11} has been referenced but does not exis
t, replaced by a fixed one

<Z:/Programs/MikTex/fonts/type1/public/amsfonts/cm/cmr12.pfb><Z:/Programs/MikTe
x/fonts/type1/public/amsfonts/cm/cmss10.pfb><Z:/Programs/MikTex/fonts/type1/pub
lic/amsfonts/cm/cmss12.pfb><Z:/Programs/MikTex/fonts/type1/public/amsfonts/cm/c
mss17.pfb><Z:/Programs/MikTex/fonts/type1/public/amsfonts/cm/cmss8.pfb><Z:/Prog
rams/MikTex/fonts/type1/public/amsfonts/cm/cmssbx10.pfb><Z:/Programs/MikTex/fon
ts/type1/public/amsfonts/cm/cmssi12.pfb><Z:/Programs/MikTex/fonts/type1/public/
amsfonts/cm/cmsy10.pfb>
Output written on dossier.pdf (74 pages, 2216228 bytes).
PDF statistics:
 957 PDF objects out of 1000 (max. 8388607)
 198 named destinations out of 1000 (max. 500000)
 875 words of extra memory for PDF output out of 10000 (max. 10000000)

