\BOOKMARK [0][-]{chapter.1}{Voorwoord}{}% 1
\BOOKMARK [0][-]{chapter.2}{Introductie en situering}{}% 2
\BOOKMARK [1][-]{section.2.1}{Introductie}{chapter.2}% 3
\BOOKMARK [1][-]{section.2.2}{Technische}{chapter.2}% 4
\BOOKMARK [0][-]{chapter.3}{Taak-verdeling}{}% 5
\BOOKMARK [1][-]{section.3.1}{Methodologie}{chapter.3}% 6
\BOOKMARK [1][-]{section.3.2}{Sprint 1}{chapter.3}% 7
\BOOKMARK [2][-]{subsection.3.2.1}{Kenzo Clauw}{section.3.2}% 8
\BOOKMARK [2][-]{subsection.3.2.2}{Axl Fran\347ois}{section.3.2}% 9
\BOOKMARK [2][-]{subsection.3.2.3}{Lowie Huyghe}{section.3.2}% 10
\BOOKMARK [2][-]{subsection.3.2.4}{Sander Trypsteen}{section.3.2}% 11
\BOOKMARK [2][-]{subsection.3.2.5}{Jelle Verreth}{section.3.2}% 12
\BOOKMARK [2][-]{subsection.3.2.6}{Niet opgenomen}{section.3.2}% 13
\BOOKMARK [1][-]{section.3.3}{Sprint 2}{chapter.3}% 14
\BOOKMARK [2][-]{subsection.3.3.1}{Kenzo Clauw}{section.3.3}% 15
\BOOKMARK [2][-]{subsection.3.3.2}{Axl Fran\347ois}{section.3.3}% 16
\BOOKMARK [2][-]{subsection.3.3.3}{Lowie Huyghe}{section.3.3}% 17
\BOOKMARK [2][-]{subsection.3.3.4}{Sander Trypsteen}{section.3.3}% 18
\BOOKMARK [2][-]{subsection.3.3.5}{Jelle Verreth}{section.3.3}% 19
\BOOKMARK [2][-]{subsection.3.3.6}{Niet opgenomen}{section.3.3}% 20
\BOOKMARK [1][-]{section.3.4}{Sprint 3}{chapter.3}% 21
\BOOKMARK [2][-]{subsection.3.4.1}{Kenzo Clauw}{section.3.4}% 22
\BOOKMARK [2][-]{subsection.3.4.2}{Axl Fran\347ois}{section.3.4}% 23
\BOOKMARK [2][-]{subsection.3.4.3}{Lowie Huyghe}{section.3.4}% 24
\BOOKMARK [2][-]{subsection.3.4.4}{Sander Trypsteen}{section.3.4}% 25
\BOOKMARK [2][-]{subsection.3.4.5}{Niet-gerealiseerd}{section.3.4}% 26
\BOOKMARK [1][-]{section.3.5}{Overzicht}{chapter.3}% 27
\BOOKMARK [0][-]{chapter.4}{Analyse}{}% 28
\BOOKMARK [0][-]{chapter.5}{Interessante Ontwerpbeslissingen}{}% 29
\BOOKMARK [1][-]{subsection.5.0.1}{Best Practice}{chapter.5}% 30
\BOOKMARK [2][-]{subsection.5.0.2}{JSP vs Servlets}{subsection.5.0.1}% 31
\BOOKMARK [0][-]{chapter.6}{Interessante Implementatiekeuzes}{}% 32
\BOOKMARK [1][-]{section.6.1}{Bibliotheken}{chapter.6}% 33
\BOOKMARK [2][-]{subsection.6.1.1}{Jersey}{section.6.1}% 34
\BOOKMARK [2][-]{subsection.6.1.2}{Swagger Jersey}{section.6.1}% 35
\BOOKMARK [2][-]{subsection.6.1.3}{SLF4J}{section.6.1}% 36
\BOOKMARK [2][-]{subsection.6.1.4}{Junit 4.x}{section.6.1}% 37
\BOOKMARK [2][-]{subsection.6.1.5}{Gedcom}{section.6.1}% 38
\BOOKMARK [2][-]{subsection.6.1.6}{Gedcom4j}{section.6.1}% 39
\BOOKMARK [2][-]{subsection.6.1.7}{Sardine}{section.6.1}% 40
\BOOKMARK [2][-]{subsection.6.1.8}{RestFB}{section.6.1}% 41
\BOOKMARK [2][-]{subsection.6.1.9}{JCalendar}{section.6.1}% 42
\BOOKMARK [2][-]{subsection.6.1.10}{Abego TreeLayout}{section.6.1}% 43
\BOOKMARK [2][-]{subsection.6.1.11}{Java FX}{section.6.1}% 44
\BOOKMARK [2][-]{subsection.6.1.12}{JQuery}{section.6.1}% 45
\BOOKMARK [2][-]{subsection.6.1.13}{JQuery UI}{section.6.1}% 46
\BOOKMARK [2][-]{subsection.6.1.14}{JSTL}{section.6.1}% 47
\BOOKMARK [0][-]{chapter.7}{Kwaliteitscontrole}{}% 48
\BOOKMARK [0][-]{chapter.8}{Gekende problemen}{}% 49
\BOOKMARK [0][-]{chapter.9}{Verbeterpunten en uitbreidingsmogelijkheden}{}% 50
\BOOKMARK [1][-]{subsection.9.0.15}{Gedcom}{chapter.9}% 51
\BOOKMARK [2][-]{subsection.9.0.16}{Stambomen}{subsection.9.0.15}% 52
\BOOKMARK [2][-]{subsection.9.0.17}{Admin}{subsection.9.0.15}% 53
\BOOKMARK [0][-]{chapter.10}{Nabeschouwing en besluit}{}% 54
\BOOKMARK [0][-]{chapter.10}{List of Figures}{}% 55
\BOOKMARK [0][-]{chapter*.23}{List of Tables}{}% 56
\BOOKMARK [0][-]{appendix.A}{Appendix}{}% 57
\BOOKMARK [1][-]{section.A.1}{Opdracht sprint 1}{appendix.A}% 58
\BOOKMARK [1][-]{section.A.2}{Opdracht sprint 1}{appendix.A}% 59
\BOOKMARK [1][-]{section.A.3}{Opdracht sprint 2}{appendix.A}% 60
\BOOKMARK [1][-]{section.A.4}{Opdracht sprint 2}{appendix.A}% 61
