\BOOKMARK [0][-]{chapter.1}{Voorwoord}{}% 1
\BOOKMARK [0][-]{chapter.2}{Introductie en situering}{}% 2
\BOOKMARK [1][-]{section.2.1}{Introductie}{chapter.2}% 3
\BOOKMARK [1][-]{section.2.2}{Technische}{chapter.2}% 4
\BOOKMARK [1][-]{section.2.3}{Situering}{chapter.2}% 5
\BOOKMARK [0][-]{chapter.3}{Taak-verdeling}{}% 6
\BOOKMARK [1][-]{section.3.1}{Methodologie}{chapter.3}% 7
\BOOKMARK [1][-]{section.3.2}{Sprint 1}{chapter.3}% 8
\BOOKMARK [2][-]{subsection.3.2.1}{Kenzo Clauw}{section.3.2}% 9
\BOOKMARK [2][-]{subsection.3.2.2}{Axl Fran\347ois}{section.3.2}% 10
\BOOKMARK [2][-]{subsection.3.2.3}{Lowie Huyghe}{section.3.2}% 11
\BOOKMARK [2][-]{subsection.3.2.4}{Sander Trypsteen}{section.3.2}% 12
\BOOKMARK [2][-]{subsection.3.2.5}{Jelle Verreth}{section.3.2}% 13
\BOOKMARK [2][-]{subsection.3.2.6}{Niet opgenomen}{section.3.2}% 14
\BOOKMARK [1][-]{section.3.3}{Sprint 2}{chapter.3}% 15
\BOOKMARK [2][-]{subsection.3.3.1}{Kenzo Clauw}{section.3.3}% 16
\BOOKMARK [2][-]{subsection.3.3.2}{Axl Fran\347ois}{section.3.3}% 17
\BOOKMARK [2][-]{subsection.3.3.3}{Lowie Huyghe}{section.3.3}% 18
\BOOKMARK [2][-]{subsection.3.3.4}{Sander Trypsteen}{section.3.3}% 19
\BOOKMARK [2][-]{subsection.3.3.5}{Jelle Verreth}{section.3.3}% 20
\BOOKMARK [2][-]{subsection.3.3.6}{Niet opgenomen}{section.3.3}% 21
\BOOKMARK [1][-]{section.3.4}{Sprint 3}{chapter.3}% 22
\BOOKMARK [2][-]{subsection.3.4.1}{Kenzo Clauw}{section.3.4}% 23
\BOOKMARK [2][-]{subsection.3.4.2}{Axl Fran\347ois}{section.3.4}% 24
\BOOKMARK [2][-]{subsection.3.4.3}{Lowie Huyghe}{section.3.4}% 25
\BOOKMARK [2][-]{subsection.3.4.4}{Sander Trypsteen}{section.3.4}% 26
\BOOKMARK [2][-]{subsection.3.4.5}{Jelle Verreth}{section.3.4}% 27
\BOOKMARK [1][-]{section.3.5}{Overzicht}{chapter.3}% 28
\BOOKMARK [0][-]{chapter.4}{Analyse}{}% 29
\BOOKMARK [0][-]{chapter.5}{Interresantee Ontwerpbeslissingen}{}% 30
\BOOKMARK [0][-]{chapter.6}{Interessante Implementatiekeuzes}{}% 31
\BOOKMARK [1][-]{section.6.1}{Bibliotheken}{chapter.6}% 32
\BOOKMARK [0][-]{chapter.7}{Interessante Implementatiekeuzes}{}% 33
\BOOKMARK [1][-]{section.7.1}{Bibliotheken}{chapter.7}% 34
\BOOKMARK [2][-]{subsection.7.1.1}{Jersey}{section.7.1}% 35
\BOOKMARK [2][-]{subsection.7.1.2}{Swagger Jersey}{section.7.1}% 36
\BOOKMARK [2][-]{subsection.7.1.3}{SLF4J}{section.7.1}% 37
\BOOKMARK [2][-]{subsection.7.1.4}{Junit}{section.7.1}% 38
\BOOKMARK [2][-]{subsection.7.1.5}{Gedcom}{section.7.1}% 39
\BOOKMARK [2][-]{subsection.7.1.6}{Gedcom4j}{section.7.1}% 40
\BOOKMARK [2][-]{subsection.7.1.7}{Sardine}{section.7.1}% 41
\BOOKMARK [2][-]{subsection.7.1.8}{RestFB}{section.7.1}% 42
\BOOKMARK [2][-]{subsection.7.1.9}{JCalendar}{section.7.1}% 43
\BOOKMARK [2][-]{subsection.7.1.10}{Abego TreeLayout}{section.7.1}% 44
\BOOKMARK [2][-]{subsection.7.1.11}{Java FX}{section.7.1}% 45
\BOOKMARK [0][-]{chapter.8}{Kwaliteitscontrole}{}% 46
\BOOKMARK [0][-]{chapter.9}{Kwaliteitscontrole}{}% 47
\BOOKMARK [0][-]{chapter.10}{Gekende problemen}{}% 48
\BOOKMARK [0][-]{chapter.11}{Verbeterpunten en uitbreidingsmogelijkheden}{}% 49
\BOOKMARK [0][-]{chapter.12}{Nabeschouwing en besluit}{}% 50
\BOOKMARK [0][-]{chapter.12}{List of Figures}{}% 51
\BOOKMARK [0][-]{chapter*.20}{List of Tables}{}% 52
\BOOKMARK [0][-]{appendix.A}{Appendix}{}% 53
\BOOKMARK [1][-]{section.A.1}{Opdracht sprint 1}{appendix.A}% 54
\BOOKMARK [1][-]{section.A.2}{Opdracht sprint 1}{appendix.A}% 55
\BOOKMARK [1][-]{section.A.3}{Opdracht sprint 2}{appendix.A}% 56
\BOOKMARK [1][-]{section.A.4}{Opdracht sprint 2}{appendix.A}% 57
