#
# There is insufficient memory for the Java Runtime Environment to continue.
# Native memory allocation (malloc) failed to allocate 1048576 bytes for AllocateHeap
# Possible reasons:
#   The system is out of physical RAM or swap space
#   In 32 bit mode, the process size limit was hit
# Possible solutions:
#   Reduce memory load on the system
#   Increase physical memory or swap space
#   Check if swap backing store is full
#   Use 64 bit Java on a 64 bit OS
#   Decrease Java heap size (-Xmx/-Xms)
#   Decrease number of Java threads
#   Decrease Java thread stack sizes (-Xss)
#   Set larger code cache with -XX:ReservedCodeCacheSize=
# This output file may be truncated or incomplete.
#
#  Out of Memory Error (memory/allocation.inline.hpp:61), pid=11924, tid=11956
#
# JRE version:  (7.0_40-b43) (build )
# Java VM: Java HotSpot(TM) 64-Bit Server VM (24.0-b56 mixed mode windows-amd64 compressed oops)
# Failed to write core dump. Minidumps are not enabled by default on client versions of Windows
#

---------------  T H R E A D  ---------------

Current thread (0x000000000247e000):  JavaThread "Unknown thread" [_thread_in_vm, id=11956, stack(0x0000000002300000,0x0000000002400000)]

Stack: [0x0000000002300000,0x0000000002400000]

---------------  P R O C E S S  ---------------

Java Threads: ( => current thread )

Other Threads:

=>0x000000000247e000 (exited) JavaThread "Unknown thread" [_thread_in_vm, id=11956, stack(0x0000000002300000,0x0000000002400000)]

VM state:not at safepoint (normal execution)

VM Mutex/Monitor currently owned by a thread: None

Heap
 PSYoungGen      total 57344K, used 983K [0x00000007c0080000, 0x00000007c4080000, 0x0000000800000000)
  eden space 49152K, 2% used [0x00000007c0080000,0x00000007c0175c98,0x00000007c3080000)
  from space 8192K, 0% used [0x00000007c3880000,0x00000007c3880000,0x00000007c4080000)
  to   space 8192K, 0% used [0x00000007c3080000,0x00000007c3080000,0x00000007c3880000)
 ParOldGen       total 130560K, used 0K [0x0000000740200000, 0x0000000748180000, 0x00000007c0080000)
  object space 130560K, 0% used [0x0000000740200000,0x0000000740200000,0x0000000748180000)
 PSPermGen       total 21504K, used 672K [0x000000073b000000, 0x000000073c500000, 0x0000000740200000)
  object space 21504K, 3% used [0x000000073b000000,0x000000073b0a80b0,0x000000073c500000)

Card table byte_map: [0x0000000005640000,0x0000000005c70000] byte_map_base: 0x0000000001c68000

Polling page: 0x0000000000c70000

Code Cache  [0x0000000002580000, 0x00000000027f0000, 0x0000000005580000)
 total_blobs=37 nmethods=0 adapters=20 free_code_cache=48890Kb largest_free_block=50063104

Compilation events (0 events):
No events

GC Heap History (0 events):
No events

Deoptimization events (0 events):
No events

Internal exceptions (0 events):
No events

Events (10 events):
Event: 0.018 loading class 0x00000000024cfe50
Event: 0.018 loading class 0x00000000024cfe50 done
Event: 0.018 loading class 0x00000000024cfea0
Event: 0.018 loading class 0x00000000024cfea0 done
Event: 0.018 loading class 0x00000000024cfef0
Event: 0.018 loading class 0x00000000024cfef0 done
Event: 0.019 loading class 0x00000000024d0c50
Event: 0.019 loading class 0x00000000024d0c50 done
Event: 0.019 loading class 0x00000000024d0870
Event: 0.019 loading class 0x00000000024d0870 done


Dynamic libraries:
0x00007ff7f08b0000 - 0x00007ff7f08e3000 	C:\Program Files\Java\jdk1.7.0_40\bin\java.exe
0x00007ffb96ce0000 - 0x00007ffb96e89000 	C:\WINDOWS\SYSTEM32\ntdll.dll
0x00007ffb94d70000 - 0x00007ffb94ea9000 	C:\WINDOWS\system32\KERNEL32.DLL
0x00007ffb94280000 - 0x00007ffb9438f000 	C:\WINDOWS\system32\KERNELBASE.dll
0x00007ffb92c90000 - 0x00007ffb92d1b000 	C:\WINDOWS\system32\apphelp.dll
0x00007ffb91670000 - 0x00007ffb916bf000 	C:\WINDOWS\AppPatch\AppPatch64\AcGenral.DLL
0x00007ffb969d0000 - 0x00007ffb96a77000 	C:\WINDOWS\system32\msvcrt.dll
0x00007ffb93ea0000 - 0x00007ffb93ecb000 	C:\WINDOWS\SYSTEM32\SspiCli.dll
0x00007ffb94d10000 - 0x00007ffb94d61000 	C:\WINDOWS\system32\SHLWAPI.dll
0x00007ffb949f0000 - 0x00007ffb94b61000 	C:\WINDOWS\system32\USER32.dll
0x00007ffb96a80000 - 0x00007ffb96bf6000 	C:\WINDOWS\system32\ole32.dll
0x00007ffb95550000 - 0x00007ffb9695f000 	C:\WINDOWS\system32\SHELL32.dll
0x00007ffb939b0000 - 0x00007ffb939cf000 	C:\WINDOWS\SYSTEM32\USERENV.dll
0x00007ffb954a0000 - 0x00007ffb95545000 	C:\WINDOWS\system32\ADVAPI32.dll
0x00007ffb8c280000 - 0x00007ffb8c29b000 	C:\WINDOWS\SYSTEM32\MPR.dll
0x00007ffb94770000 - 0x00007ffb948a6000 	C:\WINDOWS\system32\RPCRT4.dll
0x00007ffb94570000 - 0x00007ffb945c7000 	C:\WINDOWS\SYSTEM32\sechost.dll
0x00007ffb94f80000 - 0x00007ffb95157000 	C:\WINDOWS\SYSTEM32\combase.dll
0x00007ffb95340000 - 0x00007ffb95485000 	C:\WINDOWS\system32\GDI32.dll
0x00007ffb94060000 - 0x00007ffb94074000 	C:\WINDOWS\SYSTEM32\profapi.dll
0x00007ffb92690000 - 0x00007ffb92731000 	C:\WINDOWS\SYSTEM32\SHCORE.dll
0x00007ffb96ca0000 - 0x00007ffb96cd4000 	C:\WINDOWS\system32\IMM32.DLL
0x00007ffb948b0000 - 0x00007ffb949e8000 	C:\WINDOWS\system32\MSCTF.dll
0x00007ffb92250000 - 0x00007ffb924aa000 	C:\WINDOWS\WinSxS\amd64_microsoft.windows.common-controls_6595b64144ccf1df_6.0.9600.16384_none_62475f7becb72503\COMCTL32.dll
0x000000005f860000 - 0x000000005f931000 	C:\Program Files\Java\jdk1.7.0_40\jre\bin\msvcr100.dll
0x000000005eeb0000 - 0x000000005f679000 	C:\Program Files\Java\jdk1.7.0_40\jre\bin\server\jvm.dll
0x00007ffb87a40000 - 0x00007ffb87a49000 	C:\WINDOWS\SYSTEM32\WSOCK32.dll
0x00007ffb910e0000 - 0x00007ffb910ff000 	C:\WINDOWS\SYSTEM32\WINMM.dll
0x00007ffb94f60000 - 0x00007ffb94f67000 	C:\WINDOWS\system32\PSAPI.DLL
0x00007ffb94cb0000 - 0x00007ffb94d08000 	C:\WINDOWS\system32\WS2_32.dll
0x00007ffb90f60000 - 0x00007ffb90f8a000 	C:\WINDOWS\SYSTEM32\WINMMBASE.dll
0x00007ffb969c0000 - 0x00007ffb969c9000 	C:\WINDOWS\system32\NSI.dll
0x00007ffb94130000 - 0x00007ffb9417a000 	C:\WINDOWS\SYSTEM32\cfgmgr32.dll
0x00007ffb92f10000 - 0x00007ffb92f36000 	C:\WINDOWS\SYSTEM32\DEVOBJ.dll
0x000000005fbc0000 - 0x000000005fbcf000 	C:\Program Files\Java\jdk1.7.0_40\jre\bin\verify.dll
0x000000005f7f0000 - 0x000000005f818000 	C:\Program Files\Java\jdk1.7.0_40\jre\bin\java.dll
0x000000005fba0000 - 0x000000005fbb5000 	C:\Program Files\Java\jdk1.7.0_40\jre\bin\zip.dll

VM Arguments:
java_command: StartUp
Launcher Type: SUN_STANDARD

Environment Variables:
JAVA_HOME=C:\Program Files\Java\jdk1.7.0_40
PATH=C:\app\product\12.1.0\dbhome_1\bin;C:\Program Files (x86)\NVIDIA Corporation\PhysX\Common;C:\Perl\site\bin;C:\Perl\bin;J:\app\oracle\product\12.1.0\dbhome_1\bin;C:\Oracle\product\12.1.0\dbhome_1\bin;C:\WINDOWS\system32;C:\WINDOWS;C:\WINDOWS\System32\Wbem;C:\WINDOWS\System32\WindowsPowerShell\v1.0\;Z:\Programs\MikTex\miktex\bin\
USERNAME=Sklipnoty
OS=Windows_NT
PROCESSOR_IDENTIFIER=Intel64 Family 6 Model 26 Stepping 5, GenuineIntel



---------------  S Y S T E M  ---------------

OS: Windows 8 , 64 bit Build 9200 

CPU:total 8 (4 cores per cpu, 2 threads per core) family 6 model 26 stepping 5, cmov, cx8, fxsr, mmx, sse, sse2, sse3, ssse3, sse4.1, sse4.2, popcnt, ht, tsc, tscinvbit, tscinv

Memory: 4k page, physical 12573804k(1966824k free), swap 22202940k(5864k free)

vm_info: Java HotSpot(TM) 64-Bit Server VM (24.0-b56) for windows-amd64 JRE (1.7.0_40-b43), built on Aug 26 2013 22:38:32 by "java_re" with unknown MS VC++:1600

time: Tue Feb 25 20:16:58 2014
elapsed time: 0 seconds

