\BOOKMARK [0][-]{chapter.1}{Inleiding}{}% 1
\BOOKMARK [0][-]{chapter.2}{Toegangsbeheer}{}% 2
\BOOKMARK [1][-]{subsection.2.0.1}{Login}{chapter.2}% 3
\BOOKMARK [2][-]{subsection.2.0.2}{Registratie}{subsection.2.0.1}% 4
\BOOKMARK [0][-]{chapter.3}{Overzicht stambomen}{}% 5
\BOOKMARK [1][-]{subsection.3.0.3}{Persoon wijzigingen of verwijderen in een stamboom }{chapter.3}% 6
\BOOKMARK [2][-]{subsection.3.0.4}{Persoon verplaatsen}{subsection.3.0.3}% 7
\BOOKMARK [2][-]{subsection.3.0.5}{Foto toevoegen / wijzigen / verwijderen}{subsection.3.0.3}% 8
\BOOKMARK [2][-]{subsection.3.0.6}{Stamboom toevoegen}{subsection.3.0.3}% 9
\BOOKMARK [0][-]{chapter.4}{Settings}{}% 10
\BOOKMARK [1][-]{subsection.4.0.7}{Taal}{chapter.4}% 11
\BOOKMARK [2][-]{subsection.4.0.8}{Gedcom}{subsection.4.0.7}% 12
\BOOKMARK [0][-]{chapter.5}{Administrator}{}% 13
\BOOKMARK [1][-]{subsection.5.0.9}{Thema}{chapter.5}% 14
\BOOKMARK [2][-]{subsection.5.0.10}{User}{subsection.5.0.9}% 15
\BOOKMARK [0][-]{chapter.6}{Web-applicatie}{}% 16
\BOOKMARK [1][-]{section.6.1}{Toegangsbeheer}{chapter.6}% 17
\BOOKMARK [1][-]{section.6.2}{Bomen}{chapter.6}% 18
\BOOKMARK [2][-]{subsection.6.2.1}{Overzicht}{section.6.2}% 19
\BOOKMARK [2][-]{subsection.6.2.2}{Boom}{section.6.2}% 20
\BOOKMARK [2][-]{subsection.6.2.3}{Vrienden}{section.6.2}% 21
\BOOKMARK [2][-]{subsection.6.2.4}{Publieke gebruikers}{section.6.2}% 22
\BOOKMARK [2][-]{subsection.6.2.5}{Instellingen}{section.6.2}% 23
